Using pre-set license
Built from '2021.3/staging' branch; Version is '2021.3.0f1 (6eacc8284459) revision 7253192'; Using compiler version '192829333'; Build Type 'Release'
OS: 'Windows 11  (10.0.22000) 64bit Professional' Language: 'de' Physical Memory: 16309 MB
BatchMode: 1, IsHumanControllingUs: 0, StartBugReporterOnCrash: 0, Is64bit: 1, IsPro: 1

COMMAND LINE ARGUMENTS:
D:\Unity\Editors\2021.3.0f1\Editor\Unity.exe
-adb2
-batchMode
-noUpm
-name
AssetImportWorker0
-projectPath
D:/Unity/Projects/Open World Game
-logFile
Logs/AssetImportWorker0.log
-srvPort
61709
Successfully changed project path to: D:/Unity/Projects/Open World Game
D:/Unity/Projects/Open World Game
[UnityMemory] Configuration Parameters - Can be set up in boot.config
    "memorysetup-bucket-allocator-granularity=16"
    "memorysetup-bucket-allocator-bucket-count=8"
    "memorysetup-bucket-allocator-block-size=33554432"
    "memorysetup-bucket-allocator-block-count=8"
    "memorysetup-main-allocator-block-size=16777216"
    "memorysetup-thread-allocator-block-size=16777216"
    "memorysetup-gfx-main-allocator-block-size=16777216"
    "memorysetup-gfx-thread-allocator-block-size=16777216"
    "memorysetup-cache-allocator-block-size=4194304"
    "memorysetup-typetree-allocator-block-size=2097152"
    "memorysetup-profiler-bucket-allocator-granularity=16"
    "memorysetup-profiler-bucket-allocator-bucket-count=8"
    "memorysetup-profiler-bucket-allocator-block-size=33554432"
    "memorysetup-profiler-bucket-allocator-block-count=8"
    "memorysetup-profiler-allocator-block-size=16777216"
    "memorysetup-profiler-editor-allocator-block-size=1048576"
    "memorysetup-temp-allocator-size-main=16777216"
    "memorysetup-job-temp-allocator-block-size=2097152"
    "memorysetup-job-temp-allocator-block-size-background=1048576"
    "memorysetup-job-temp-allocator-reduction-small-platforms=262144"
    "memorysetup-temp-allocator-size-background-worker=32768"
    "memorysetup-temp-allocator-size-job-worker=262144"
    "memorysetup-temp-allocator-size-preload-manager=33554432"
    "memorysetup-temp-allocator-size-nav-mesh-worker=65536"
    "memorysetup-temp-allocator-size-audio-worker=65536"
    "memorysetup-temp-allocator-size-cloud-worker=32768"
    "memorysetup-temp-allocator-size-gi-baking-worker=262144"
    "memorysetup-temp-allocator-size-gfx=262144"
Refreshing native plugins compatible for Editor in 123.40 ms, found 3 plugins.
Preloading 0 native plugins for Editor in 0.00 ms.
Initialize engine version: 2021.3.0f1 (6eacc8284459)
[Subsystems] Discovering subsystems at path D:/Unity/Editors/2021.3.0f1/Editor/Data/Resources/UnitySubsystems
[Subsystems] Discovering subsystems at path D:/Unity/Projects/Open World Game/Assets
GfxDevice: creating device client; threaded=0; jobified=0
Direct3D:
    Version:  Direct3D 11.0 [level 11.1]
    Renderer: NVIDIA GeForce RTX 3060 (ID=0x2504)
    Vendor:   NVIDIA
    VRAM:     12143 MB
    Driver:   30.0.14.9729
Initialize mono
Mono path[0] = 'D:/Unity/Editors/2021.3.0f1/Editor/Data/Managed'
Mono path[1] = 'D:/Unity/Editors/2021.3.0f1/Editor/Data/MonoBleedingEdge/lib/mono/unityjit-win32'
Mono config path = 'D:/Unity/Editors/2021.3.0f1/Editor/Data/MonoBleedingEdge/etc'
Using monoOptions --debugger-agent=transport=dt_socket,embedding=1,server=y,suspend=n,address=127.0.0.1:56080
Begin MonoManager ReloadAssembly
Registering precompiled unity dll's ...
Register platform support module: D:/Unity/Editors/2021.3.0f1/Editor/Data/PlaybackEngines/WebGLSupport/UnityEditor.WebGL.Extensions.dll
Register platform support module: D:/Unity/Editors/2021.3.0f1/Editor/Data/PlaybackEngines/AndroidPlayer/UnityEditor.Android.Extensions.dll
Register platform support module: D:/Unity/Editors/2021.3.0f1/Editor/Data/PlaybackEngines/iOSSupport/UnityEditor.iOS.Extensions.dll
Register platform support module: D:/Unity/Editors/2021.3.0f1/Editor/Data/PlaybackEngines/WindowsStandaloneSupport/UnityEditor.WindowsStandalone.Extensions.dll
Register platform support module: D:/Unity/Editors/2021.3.0f1/Editor/Data/PlaybackEngines/MetroSupport/UnityEditor.UWP.Extensions.dll
Registered in 0.003058 seconds.
Native extension for UWP target not found
Native extension for WindowsStandalone target not found
[usbmuxd] Start listen thread
[usbmuxd] Listen thread started
[usbmuxd] Send listen message
Native extension for iOS target not found
Native extension for Android target not found
Native extension for WebGL target not found
Refreshing native plugins compatible for Editor in 129.63 ms, found 3 plugins.
Preloading 0 native plugins for Editor in 0.00 ms.
Mono: successfully reloaded assembly
- Completed reload, in  0.660 seconds
Domain Reload Profiling:
	ReloadAssembly (660ms)
		BeginReloadAssembly (78ms)
			ExecutionOrderSort (0ms)
			DisableScriptedObjects (0ms)
			BackupInstance (0ms)
			ReleaseScriptingObjects (0ms)
			CreateAndSetChildDomain (1ms)
		EndReloadAssembly (488ms)
			LoadAssemblies (79ms)
			RebuildTransferFunctionScriptingTraits (0ms)
			SetupTypeCache (101ms)
			ReleaseScriptCaches (0ms)
			RebuildScriptCaches (26ms)
			SetupLoadedEditorAssemblies (317ms)
				LogAssemblyErrors (0ms)
				InitializePlatformSupportModulesInManaged (57ms)
				SetLoadedEditorAssemblies (0ms)
				RefreshPlugins (130ms)
				BeforeProcessingInitializeOnLoad (1ms)
				ProcessInitializeOnLoadAttributes (88ms)
				ProcessInitializeOnLoadMethodAttributes (40ms)
				AfterProcessingInitializeOnLoad (0ms)
				EditorAssembliesLoaded (0ms)
			ExecutionOrderSort2 (0ms)
			AwakeInstancesAfterBackupRestoration (0ms)
Platform modules already initialized, skipping
Registering precompiled user dll's ...
Registered in 0.005176 seconds.
Begin MonoManager ReloadAssembly
Symbol file LoadedFromMemory doesn't match image D:\Unity\Projects\Open World Game\Library\PackageCache\com.unity.visualscripting@1.7.6\Editor\VisualScripting.Core\Dependencies\YamlDotNet\Unity.VisualScripting.YamlDotNet.dll
Symbol file LoadedFromMemory doesn't match image D:\Unity\Projects\Open World Game\Library\PackageCache\com.unity.visualscripting@1.7.6\Editor\VisualScripting.Core\Dependencies\DotNetZip\Unity.VisualScripting.IonicZip.dll
Native extension for UWP target not found
Native extension for WindowsStandalone target not found
Native extension for iOS target not found
Native extension for Android target not found
Native extension for WebGL target not found
Refreshing native plugins compatible for Editor in 124.01 ms, found 3 plugins.
Preloading 0 native plugins for Editor in 0.00 ms.
Mono: successfully reloaded assembly
- Completed reload, in  1.273 seconds
Domain Reload Profiling:
	ReloadAssembly (1273ms)
		BeginReloadAssembly (207ms)
			ExecutionOrderSort (0ms)
			DisableScriptedObjects (5ms)
			BackupInstance (0ms)
			ReleaseScriptingObjects (0ms)
			CreateAndSetChildDomain (118ms)
		EndReloadAssembly (969ms)
			LoadAssemblies (91ms)
			RebuildTransferFunctionScriptingTraits (0ms)
			SetupTypeCache (235ms)
			ReleaseScriptCaches (1ms)
			RebuildScriptCaches (59ms)
			SetupLoadedEditorAssemblies (560ms)
				LogAssemblyErrors (0ms)
				InitializePlatformSupportModulesInManaged (20ms)
				SetLoadedEditorAssemblies (0ms)
				RefreshPlugins (124ms)
				BeforeProcessingInitializeOnLoad (98ms)
				ProcessInitializeOnLoadAttributes (244ms)
				ProcessInitializeOnLoadMethodAttributes (71ms)
				AfterProcessingInitializeOnLoad (2ms)
				EditorAssembliesLoaded (0ms)
			ExecutionOrderSort2 (0ms)
			AwakeInstancesAfterBackupRestoration (6ms)
Platform modules already initialized, skipping
========================================================================
Worker process is ready to serve import requests
Launched and connected shader compiler UnityShaderCompiler.exe after 0.05 seconds
Refreshing native plugins compatible for Editor in 1.18 ms, found 3 plugins.
Preloading 0 native plugins for Editor in 0.00 ms.
Unloading 5308 Unused Serialized files (Serialized files now loaded: 0)
Unloading 31 unused Assets / (0.8 MB). Loaded Objects now: 5769.
Memory consumption went from 211.9 MB to 211.1 MB.
Total: 4.058900 ms (FindLiveObjects: 0.575100 ms CreateObjectMapping: 0.143000 ms MarkObjects: 2.939300 ms  DeleteObjects: 0.400000 ms)

AssetImportParameters requested are different than current active one (requested -> active):
  custom:video-decoder-ogg-theora: a1e56fd34408186e4bbccfd4996cb3dc -> 
  custom:container-muxer-webm: aa71ff27fc2769a1b78a27578f13a17b -> 
  custom:container-demuxer-webm: 4f35f7cbe854078d1ac9338744f61a02 -> 
  custom:video-encoder-webm-vp8: eb34c28f22e8b96e1ab97ce403110664 -> 
  custom:audio-encoder-webm-vorbis: bf7c407c2cedff20999df2af8eb42d56 -> 
  custom:framework-win-MediaFoundation: 216162199b28c13a410421893ffa2e32 -> 
  custom:container-demuxer-ogg: 62fdf1f143b41e24485cea50d1cbac27 -> 
  custom:video-decoder-webm-vp8: 9c59270c3fd7afecdb556c50c9e8de78 -> 
  custom:audio-decoder-ogg-vorbis: bf7c407c2cedff20999df2af8eb42d56 -> 
========================================================================
Received Import Request.
  Time since last request: 88587.802293 seconds.
  path: Assets/Scenes
  artifactKey: Guid(df73df35ebd0946429e259e6a6f5b892) Importer(815301076,1909f56bfc062723c751e8b465ee728b)
Start importing Assets/Scenes using Guid(df73df35ebd0946429e259e6a6f5b892) Importer(815301076,1909f56bfc062723c751e8b465ee728b)  -> (artifact id: 'c0ede4adc090e9918f5f05277e7685f2') in 0.014022 seconds 
========================================================================
Received Import Request.
  Time since last request: 261.282488 seconds.
  path: Assets/Sprites/Skybox.mat
  artifactKey: Guid(129ea4237f1a1264db616f44ea0c1f9c) Importer(815301076,1909f56bfc062723c751e8b465ee728b)
Start importing Assets/Sprites/Skybox.mat using Guid(129ea4237f1a1264db616f44ea0c1f9c) Importer(815301076,1909f56bfc062723c751e8b465ee728b)  -> (artifact id: '35f4da1566326bfa6b3643542caf305d') in 0.399130 seconds 
========================================================================
Received Prepare
Registering precompiled user dll's ...
Registered in 0.005114 seconds.
Begin MonoManager ReloadAssembly
Symbol file LoadedFromMemory doesn't match image D:\Unity\Projects\Open World Game\Library\PackageCache\com.unity.visualscripting@1.7.6\Editor\VisualScripting.Core\Dependencies\YamlDotNet\Unity.VisualScripting.YamlDotNet.dll
Symbol file LoadedFromMemory doesn't match image D:\Unity\Projects\Open World Game\Library\PackageCache\com.unity.visualscripting@1.7.6\Editor\VisualScripting.Core\Dependencies\DotNetZip\Unity.VisualScripting.IonicZip.dll
Native extension for UWP target not found
Native extension for WindowsStandalone target not found
Native extension for iOS target not found
Native extension for Android target not found
Native extension for WebGL target not found
Refreshing native plugins compatible for Editor in 1.33 ms, found 3 plugins.
Preloading 0 native plugins for Editor in 0.00 ms.
Mono: successfully reloaded assembly
- Completed reload, in  1.174 seconds
Domain Reload Profiling:
	ReloadAssembly (1174ms)
		BeginReloadAssembly (168ms)
			ExecutionOrderSort (0ms)
			DisableScriptedObjects (6ms)
			BackupInstance (0ms)
			ReleaseScriptingObjects (0ms)
			CreateAndSetChildDomain (55ms)
		EndReloadAssembly (919ms)
			LoadAssemblies (110ms)
			RebuildTransferFunctionScriptingTraits (0ms)
			SetupTypeCache (288ms)
			ReleaseScriptCaches (2ms)
			RebuildScriptCaches (47ms)
			SetupLoadedEditorAssemblies (406ms)
				LogAssemblyErrors (0ms)
				InitializePlatformSupportModulesInManaged (30ms)
				SetLoadedEditorAssemblies (0ms)
				RefreshPlugins (1ms)
				BeforeProcessingInitializeOnLoad (71ms)
				ProcessInitializeOnLoadAttributes (222ms)
				ProcessInitializeOnLoadMethodAttributes (78ms)
				AfterProcessingInitializeOnLoad (3ms)
				EditorAssembliesLoaded (0ms)
			ExecutionOrderSort2 (0ms)
			AwakeInstancesAfterBackupRestoration (22ms)
Platform modules already initialized, skipping
Refreshing native plugins compatible for Editor in 2.47 ms, found 3 plugins.
Preloading 0 native plugins for Editor in 0.00 ms.
Unloading 5171 Unused Serialized files (Serialized files now loaded: 0)
Unloading 24 unused Assets / (0.7 MB). Loaded Objects now: 5862.
Memory consumption went from 209.3 MB to 208.6 MB.
Total: 3.835200 ms (FindLiveObjects: 0.473800 ms CreateObjectMapping: 0.128200 ms MarkObjects: 2.876500 ms  DeleteObjects: 0.354900 ms)

AssetImportParameters requested are different than current active one (requested -> active):
  custom:video-decoder-ogg-theora: a1e56fd34408186e4bbccfd4996cb3dc -> 
  custom:container-muxer-webm: aa71ff27fc2769a1b78a27578f13a17b -> 
  custom:container-demuxer-webm: 4f35f7cbe854078d1ac9338744f61a02 -> 
  custom:video-encoder-webm-vp8: eb34c28f22e8b96e1ab97ce403110664 -> 
  custom:audio-encoder-webm-vorbis: bf7c407c2cedff20999df2af8eb42d56 -> 
  custom:framework-win-MediaFoundation: 216162199b28c13a410421893ffa2e32 -> 
  custom:container-demuxer-ogg: 62fdf1f143b41e24485cea50d1cbac27 -> 
  custom:video-decoder-webm-vp8: 9c59270c3fd7afecdb556c50c9e8de78 -> 
  custom:audio-decoder-ogg-vorbis: bf7c407c2cedff20999df2af8eb42d56 -> 
========================================================================
Received Prepare
Registering precompiled user dll's ...
Registered in 0.004764 seconds.
Begin MonoManager ReloadAssembly
Symbol file LoadedFromMemory doesn't match image D:\Unity\Projects\Open World Game\Library\PackageCache\com.unity.visualscripting@1.7.6\Editor\VisualScripting.Core\Dependencies\YamlDotNet\Unity.VisualScripting.YamlDotNet.dll
Symbol file LoadedFromMemory doesn't match image D:\Unity\Projects\Open World Game\Library\PackageCache\com.unity.visualscripting@1.7.6\Editor\VisualScripting.Core\Dependencies\DotNetZip\Unity.VisualScripting.IonicZip.dll
Native extension for UWP target not found
Native extension for WindowsStandalone target not found
Native extension for iOS target not found
Native extension for Android target not found
Native extension for WebGL target not found
Refreshing native plugins compatible for Editor in 1.58 ms, found 3 plugins.
Preloading 0 native plugins for Editor in 0.00 ms.
Mono: successfully reloaded assembly
- Completed reload, in  1.113 seconds
Domain Reload Profiling:
	ReloadAssembly (1113ms)
		BeginReloadAssembly (142ms)
			ExecutionOrderSort (0ms)
			DisableScriptedObjects (4ms)
			BackupInstance (0ms)
			ReleaseScriptingObjects (0ms)
			CreateAndSetChildDomain (35ms)
		EndReloadAssembly (880ms)
			LoadAssemblies (103ms)
			RebuildTransferFunctionScriptingTraits (0ms)
			SetupTypeCache (254ms)
			ReleaseScriptCaches (2ms)
			RebuildScriptCaches (46ms)
			SetupLoadedEditorAssemblies (409ms)
				LogAssemblyErrors (0ms)
				InitializePlatformSupportModulesInManaged (33ms)
				SetLoadedEditorAssemblies (0ms)
				RefreshPlugins (2ms)
				BeforeProcessingInitializeOnLoad (73ms)
				ProcessInitializeOnLoadAttributes (220ms)
				ProcessInitializeOnLoadMethodAttributes (79ms)
				AfterProcessingInitializeOnLoad (2ms)
				EditorAssembliesLoaded (0ms)
			ExecutionOrderSort2 (0ms)
			AwakeInstancesAfterBackupRestoration (20ms)
Platform modules already initialized, skipping
Refreshing native plugins compatible for Editor in 2.71 ms, found 3 plugins.
Preloading 0 native plugins for Editor in 0.00 ms.
Unloading 5172 Unused Serialized files (Serialized files now loaded: 0)
Unloading 24 unused Assets / (0.7 MB). Loaded Objects now: 5865.
Memory consumption went from 209.3 MB to 208.6 MB.
Total: 4.441500 ms (FindLiveObjects: 0.583600 ms CreateObjectMapping: 0.393700 ms MarkObjects: 3.078400 ms  DeleteObjects: 0.384300 ms)

AssetImportParameters requested are different than current active one (requested -> active):
  custom:video-decoder-ogg-theora: a1e56fd34408186e4bbccfd4996cb3dc -> 
  custom:container-muxer-webm: aa71ff27fc2769a1b78a27578f13a17b -> 
  custom:container-demuxer-webm: 4f35f7cbe854078d1ac9338744f61a02 -> 
  custom:video-encoder-webm-vp8: eb34c28f22e8b96e1ab97ce403110664 -> 
  custom:audio-encoder-webm-vorbis: bf7c407c2cedff20999df2af8eb42d56 -> 
  custom:framework-win-MediaFoundation: 216162199b28c13a410421893ffa2e32 -> 
  custom:container-demuxer-ogg: 62fdf1f143b41e24485cea50d1cbac27 -> 
  custom:video-decoder-webm-vp8: 9c59270c3fd7afecdb556c50c9e8de78 -> 
  custom:audio-decoder-ogg-vorbis: bf7c407c2cedff20999df2af8eb42d56 -> 
========================================================================
Received Prepare
Registering precompiled user dll's ...
Registered in 0.004497 seconds.
Begin MonoManager ReloadAssembly
Symbol file LoadedFromMemory doesn't match image D:\Unity\Projects\Open World Game\Library\PackageCache\com.unity.visualscripting@1.7.6\Editor\VisualScripting.Core\Dependencies\YamlDotNet\Unity.VisualScripting.YamlDotNet.dll
Symbol file LoadedFromMemory doesn't match image D:\Unity\Projects\Open World Game\Library\PackageCache\com.unity.visualscripting@1.7.6\Editor\VisualScripting.Core\Dependencies\DotNetZip\Unity.VisualScripting.IonicZip.dll
Native extension for UWP target not found
Native extension for WindowsStandalone target not found
Native extension for iOS target not found
Native extension for Android target not found
Native extension for WebGL target not found
Refreshing native plugins compatible for Editor in 1.39 ms, found 3 plugins.
Preloading 0 native plugins for Editor in 0.00 ms.
Mono: successfully reloaded assembly
- Completed reload, in  1.127 seconds
Domain Reload Profiling:
	ReloadAssembly (1128ms)
		BeginReloadAssembly (135ms)
			ExecutionOrderSort (0ms)
			DisableScriptedObjects (4ms)
			BackupInstance (0ms)
			ReleaseScriptingObjects (0ms)
			CreateAndSetChildDomain (34ms)
		EndReloadAssembly (899ms)
			LoadAssemblies (91ms)
			RebuildTransferFunctionScriptingTraits (0ms)
			SetupTypeCache (287ms)
			ReleaseScriptCaches (3ms)
			RebuildScriptCaches (46ms)
			SetupLoadedEditorAssemblies (408ms)
				LogAssemblyErrors (0ms)
				InitializePlatformSupportModulesInManaged (27ms)
				SetLoadedEditorAssemblies (1ms)
				RefreshPlugins (1ms)
				BeforeProcessingInitializeOnLoad (77ms)
				ProcessInitializeOnLoadAttributes (222ms)
				ProcessInitializeOnLoadMethodAttributes (78ms)
				AfterProcessingInitializeOnLoad (2ms)
				EditorAssembliesLoaded (0ms)
			ExecutionOrderSort2 (0ms)
			AwakeInstancesAfterBackupRestoration (17ms)
Platform modules already initialized, skipping
Refreshing native plugins compatible for Editor in 2.55 ms, found 3 plugins.
Preloading 0 native plugins for Editor in 0.00 ms.
Unloading 5172 Unused Serialized files (Serialized files now loaded: 0)
Unloading 24 unused Assets / (0.7 MB). Loaded Objects now: 5868.
Memory consumption went from 209.4 MB to 208.6 MB.
Total: 3.742800 ms (FindLiveObjects: 0.497800 ms CreateObjectMapping: 0.148700 ms MarkObjects: 2.636400 ms  DeleteObjects: 0.458000 ms)

AssetImportParameters requested are different than current active one (requested -> active):
  custom:video-decoder-ogg-theora: a1e56fd34408186e4bbccfd4996cb3dc -> 
  custom:container-muxer-webm: aa71ff27fc2769a1b78a27578f13a17b -> 
  custom:container-demuxer-webm: 4f35f7cbe854078d1ac9338744f61a02 -> 
  custom:video-encoder-webm-vp8: eb34c28f22e8b96e1ab97ce403110664 -> 
  custom:audio-encoder-webm-vorbis: bf7c407c2cedff20999df2af8eb42d56 -> 
  custom:framework-win-MediaFoundation: 216162199b28c13a410421893ffa2e32 -> 
  custom:container-demuxer-ogg: 62fdf1f143b41e24485cea50d1cbac27 -> 
  custom:video-decoder-webm-vp8: 9c59270c3fd7afecdb556c50c9e8de78 -> 
  custom:audio-decoder-ogg-vorbis: bf7c407c2cedff20999df2af8eb42d56 -> 
========================================================================
Received Import Request.
  Time since last request: 764.132232 seconds.
  path: Assets/Sprites/Skybox.mat
  artifactKey: Guid(129ea4237f1a1264db616f44ea0c1f9c) Importer(815301076,1909f56bfc062723c751e8b465ee728b)
Start importing Assets/Sprites/Skybox.mat using Guid(129ea4237f1a1264db616f44ea0c1f9c) Importer(815301076,1909f56bfc062723c751e8b465ee728b)  -> (artifact id: 'f0d4084511e59bf0e7c3135b88242841') in 0.210288 seconds 
========================================================================
Received Import Request.
  Time since last request: 185.167142 seconds.
  path: Assets/Materials/Sun 1.mat
  artifactKey: Guid(a8d8fa931e028c641891cb0de1d45542) Importer(815301076,1909f56bfc062723c751e8b465ee728b)
Start importing Assets/Materials/Sun 1.mat using Guid(a8d8fa931e028c641891cb0de1d45542) Importer(815301076,1909f56bfc062723c751e8b465ee728b)  -> (artifact id: '6491d226b241d677d5d625e64eb74e2d') in 0.435718 seconds 
========================================================================
Received Import Request.
  Time since last request: 3.283795 seconds.
  path: Assets/Materials/Star.mat
  artifactKey: Guid(a8d8fa931e028c641891cb0de1d45542) Importer(815301076,1909f56bfc062723c751e8b465ee728b)
Start importing Assets/Materials/Star.mat using Guid(a8d8fa931e028c641891cb0de1d45542) Importer(815301076,1909f56bfc062723c751e8b465ee728b)  -> (artifact id: 'cfca190f8de4a7918410cff4c6a54b30') in 0.014841 seconds 
========================================================================
Received Import Request.
  Time since last request: 43.976988 seconds.
  path: Assets/ARCADE - FREE Racing Car/Textures/AFRC_Env_Mat.png
  artifactKey: Guid(34a74330fac842a4f97649ddf77d6d50) Importer(815301076,1909f56bfc062723c751e8b465ee728b)
Start importing Assets/ARCADE - FREE Racing Car/Textures/AFRC_Env_Mat.png using Guid(34a74330fac842a4f97649ddf77d6d50) Importer(815301076,1909f56bfc062723c751e8b465ee728b)  -> (artifact id: '3f126f29a56daefa6fa56e46a3802834') in 0.065794 seconds 
========================================================================
Received Import Request.
  Time since last request: 0.000022 seconds.
  path: Assets/POLYGON city pack/Meshes,textures/props_FBX/Flower 1 yellow 1.png
  artifactKey: Guid(f1e2bc0c88dcb2b47b9191fc9d671dff) Importer(815301076,1909f56bfc062723c751e8b465ee728b)
Start importing Assets/POLYGON city pack/Meshes,textures/props_FBX/Flower 1 yellow 1.png using Guid(f1e2bc0c88dcb2b47b9191fc9d671dff) Importer(815301076,1909f56bfc062723c751e8b465ee728b)  -> (artifact id: '59f14ed7067462cee8b199e3a0196160') in 0.040581 seconds 
========================================================================
Received Import Request.
  Time since last request: 0.000034 seconds.
  path: Assets/POLYGON city pack/Meshes,textures/ways_FBX/Street_13.png
  artifactKey: Guid(0330ce59f36cc2e46b53d06c827b4e18) Importer(815301076,1909f56bfc062723c751e8b465ee728b)
Start importing Assets/POLYGON city pack/Meshes,textures/ways_FBX/Street_13.png using Guid(0330ce59f36cc2e46b53d06c827b4e18) Importer(815301076,1909f56bfc062723c751e8b465ee728b)  -> (artifact id: '769c5d416f2f4bf9044eed62b61ce658') in 0.076371 seconds 
========================================================================
Received Import Request.
  Time since last request: 0.000026 seconds.
  path: Assets/POLYGON city pack/Meshes,textures/props_FBX/hot dog texture.png
  artifactKey: Guid(55d169df77322ea4a86a39acf74b3189) Importer(815301076,1909f56bfc062723c751e8b465ee728b)
Start importing Assets/POLYGON city pack/Meshes,textures/props_FBX/hot dog texture.png using Guid(55d169df77322ea4a86a39acf74b3189) Importer(815301076,1909f56bfc062723c751e8b465ee728b)  -> (artifact id: '7f709e4fbab9f3ee955ca1f683fc048f') in 0.039792 seconds 
========================================================================
Received Import Request.
  Time since last request: 0.000018 seconds.
  path: Assets/POLYGON city pack/Meshes,textures/props_FBX/pot_plant_leaf.png
  artifactKey: Guid(cf21488ffdf03a249b361ac7b5f2d5f5) Importer(815301076,1909f56bfc062723c751e8b465ee728b)
Start importing Assets/POLYGON city pack/Meshes,textures/props_FBX/pot_plant_leaf.png using Guid(cf21488ffdf03a249b361ac7b5f2d5f5) Importer(815301076,1909f56bfc062723c751e8b465ee728b)  -> (artifact id: 'a28a41615045ba77724739b7179657a8') in 0.036036 seconds 
========================================================================
Received Import Request.
  Time since last request: 0.000020 seconds.
  path: Assets/Thirdparty/Ciathyza/Gridbox Prototype Materials/Textures/prototype_512x512_pink.png
  artifactKey: Guid(054e32e11095e1d4896131bb4eed8cc1) Importer(815301076,1909f56bfc062723c751e8b465ee728b)
Start importing Assets/Thirdparty/Ciathyza/Gridbox Prototype Materials/Textures/prototype_512x512_pink.png using Guid(054e32e11095e1d4896131bb4eed8cc1) Importer(815301076,1909f56bfc062723c751e8b465ee728b)  -> (artifact id: '73c732d5ba8541971725ba7a1dc2ec4e') in 0.048239 seconds 
========================================================================
Received Import Request.
  Time since last request: 0.000043 seconds.
  path: Assets/POLYGON city pack/Meshes,textures/Shops_FBX/Shop_B_Texture.png
  artifactKey: Guid(2d0557711b6926441b57384036df45a9) Importer(815301076,1909f56bfc062723c751e8b465ee728b)
Start importing Assets/POLYGON city pack/Meshes,textures/Shops_FBX/Shop_B_Texture.png using Guid(2d0557711b6926441b57384036df45a9) Importer(815301076,1909f56bfc062723c751e8b465ee728b)  -> (artifact id: '9e5bfc5b9a7fec7970592cef8cffbd30') in 0.062640 seconds 
========================================================================
Received Import Request.
  Time since last request: 0.000034 seconds.
  path: Assets/POLYGON city pack/Meshes,textures/props_FBX/Bench texture.png
  artifactKey: Guid(9a4a04b84933213428ed33e0c31813b7) Importer(815301076,1909f56bfc062723c751e8b465ee728b)
Start importing Assets/POLYGON city pack/Meshes,textures/props_FBX/Bench texture.png using Guid(9a4a04b84933213428ed33e0c31813b7) Importer(815301076,1909f56bfc062723c751e8b465ee728b)  -> (artifact id: 'dc8dcf8045f4367599443a10cbbb2319') in 0.025514 seconds 
========================================================================
Received Import Request.
  Time since last request: 0.000033 seconds.
  path: Assets/POLYGON city pack/Meshes,textures/props_FBX/can cola 2.png
  artifactKey: Guid(72e1129b490397047a42f1a126238470) Importer(815301076,1909f56bfc062723c751e8b465ee728b)
Start importing Assets/POLYGON city pack/Meshes,textures/props_FBX/can cola 2.png using Guid(72e1129b490397047a42f1a126238470) Importer(815301076,1909f56bfc062723c751e8b465ee728b)  -> (artifact id: '075ef5c1c8a1f1f2a67f1f136241833d') in 0.040886 seconds 
========================================================================
Received Import Request.
  Time since last request: 0.000025 seconds.
  path: Assets/Thirdparty/Ciathyza/Gridbox Prototype Materials/Textures/prototype_512x512_green1.png
  artifactKey: Guid(4967dfcee94bddd4ba1430cb6fa1f304) Importer(815301076,1909f56bfc062723c751e8b465ee728b)
Start importing Assets/Thirdparty/Ciathyza/Gridbox Prototype Materials/Textures/prototype_512x512_green1.png using Guid(4967dfcee94bddd4ba1430cb6fa1f304) Importer(815301076,1909f56bfc062723c751e8b465ee728b)  -> (artifact id: 'd7b2d2a5dab5713d7ff5babbc70bccc4') in 0.047339 seconds 
========================================================================
Received Import Request.
  Time since last request: 0.000020 seconds.
  path: Assets/POLYGON city pack/Meshes,textures/ways_FBX/Street_20.png
  artifactKey: Guid(8f6d5e3fee5ef444c99783e27d7d9c54) Importer(815301076,1909f56bfc062723c751e8b465ee728b)
Start importing Assets/POLYGON city pack/Meshes,textures/ways_FBX/Street_20.png using Guid(8f6d5e3fee5ef444c99783e27d7d9c54) Importer(815301076,1909f56bfc062723c751e8b465ee728b)  -> (artifact id: '2c73da6db21d681747ba9c656bcf8f78') in 0.023048 seconds 
========================================================================
Received Import Request.
  Time since last request: 0.000023 seconds.
  path: Assets/POLYGON city pack/Meshes,textures/props_FBX/Can_Lemon.png
  artifactKey: Guid(2d8730a07e4cb9e4baafef2bacb68962) Importer(815301076,1909f56bfc062723c751e8b465ee728b)
Start importing Assets/POLYGON city pack/Meshes,textures/props_FBX/Can_Lemon.png using Guid(2d8730a07e4cb9e4baafef2bacb68962) Importer(815301076,1909f56bfc062723c751e8b465ee728b)  -> (artifact id: '6820bebb20fa1b6b7d15458acf5c779d') in 0.034667 seconds 
========================================================================
Received Import Request.
  Time since last request: 0.000021 seconds.
  path: Assets/POLYGON city pack/Meshes,textures/ways_FBX/Street_21.png
  artifactKey: Guid(ee38df303c31c87478af52f4821cae02) Importer(815301076,1909f56bfc062723c751e8b465ee728b)
Start importing Assets/POLYGON city pack/Meshes,textures/ways_FBX/Street_21.png using Guid(ee38df303c31c87478af52f4821cae02) Importer(815301076,1909f56bfc062723c751e8b465ee728b)  -> (artifact id: '2698abf34a1d1c306dfdc68ab9f8ac99') in 0.037912 seconds 
========================================================================
Received Import Request.
  Time since last request: 0.000033 seconds.
  path: Assets/POLYGON city pack/Meshes,textures/props_FBX/air conditioner roof.png
  artifactKey: Guid(3d103ca190f8b1f43ba15dda71097d0a) Importer(815301076,1909f56bfc062723c751e8b465ee728b)
Start importing Assets/POLYGON city pack/Meshes,textures/props_FBX/air conditioner roof.png using Guid(3d103ca190f8b1f43ba15dda71097d0a) Importer(815301076,1909f56bfc062723c751e8b465ee728b)  -> (artifact id: 'b6432cb09e87305f8064480c1f95f945') in 0.018180 seconds 
========================================================================
Received Import Request.
  Time since last request: 0.000021 seconds.
  path: Assets/POLYGON city pack/Meshes,textures/ways_FBX/Street_06.png
  artifactKey: Guid(08aeea4bea88cb149b9d1b6dd1d95632) Importer(815301076,1909f56bfc062723c751e8b465ee728b)
Start importing Assets/POLYGON city pack/Meshes,textures/ways_FBX/Street_06.png using Guid(08aeea4bea88cb149b9d1b6dd1d95632) Importer(815301076,1909f56bfc062723c751e8b465ee728b)  -> (artifact id: '058695d7ab32d0a9aff269dc940b04c5') in 0.040606 seconds 
========================================================================
Received Import Request.
  Time since last request: 0.000021 seconds.
  path: Assets/BrokenVector/LowPolyTreePack/Textures/Colorsheet Tree Dry.png
  artifactKey: Guid(9236635f319ab034fa33215e8eaa903a) Importer(815301076,1909f56bfc062723c751e8b465ee728b)
Start importing Assets/BrokenVector/LowPolyTreePack/Textures/Colorsheet Tree Dry.png using Guid(9236635f319ab034fa33215e8eaa903a) Importer(815301076,1909f56bfc062723c751e8b465ee728b)  -> (artifact id: 'e900f4d621f89b2ba29632af2d840e8d') in 0.077848 seconds 
========================================================================
Received Import Request.
  Time since last request: 0.000028 seconds.
  path: Assets/IgniteCoders/Simple Water Shader/Info/Icons/Help_Icon.png
  artifactKey: Guid(34f556d724b1bbf4097ca6220db2c581) Importer(815301076,1909f56bfc062723c751e8b465ee728b)
Start importing Assets/IgniteCoders/Simple Water Shader/Info/Icons/Help_Icon.png using Guid(34f556d724b1bbf4097ca6220db2c581) Importer(815301076,1909f56bfc062723c751e8b465ee728b)  -> (artifact id: '3f9e9c4d95bd738386bd9119b1ed4349') in 0.068946 seconds 
========================================================================
Received Import Request.
  Time since last request: 0.000025 seconds.
  path: Assets/POLYGON city pack/Meshes,textures/ways_FBX/Street_02.png
  artifactKey: Guid(6c92bbd88ca95564cbdeefe69536944f) Importer(815301076,1909f56bfc062723c751e8b465ee728b)
Start importing Assets/POLYGON city pack/Meshes,textures/ways_FBX/Street_02.png using Guid(6c92bbd88ca95564cbdeefe69536944f) Importer(815301076,1909f56bfc062723c751e8b465ee728b)  -> (artifact id: 'e37d51781ef3331ab204bcec334a2c09') in 0.033408 seconds 
========================================================================
Received Import Request.
  Time since last request: 0.000024 seconds.
  path: Assets/POLYGON city pack/Meshes,textures/traffic signs FBX/road  traffic sign.png
  artifactKey: Guid(5d74f2f42095d5749bfd3e83bb58195f) Importer(815301076,1909f56bfc062723c751e8b465ee728b)
Start importing Assets/POLYGON city pack/Meshes,textures/traffic signs FBX/road  traffic sign.png using Guid(5d74f2f42095d5749bfd3e83bb58195f) Importer(815301076,1909f56bfc062723c751e8b465ee728b)  -> (artifact id: '65b4308d0cad2ad91ba487ac296e37e3') in 0.032853 seconds 
========================================================================
Received Import Request.
  Time since last request: 0.000023 seconds.
  path: Assets/POLYGON city pack/Meshes,textures/ways_FBX/Street_03.png
  artifactKey: Guid(16380d10f7bec4543adccda1aeb700f0) Importer(815301076,1909f56bfc062723c751e8b465ee728b)
Start importing Assets/POLYGON city pack/Meshes,textures/ways_FBX/Street_03.png using Guid(16380d10f7bec4543adccda1aeb700f0) Importer(815301076,1909f56bfc062723c751e8b465ee728b)  -> (artifact id: 'cac37ed89a85109981ec32b30361e064') in 0.057071 seconds 
========================================================================
Received Import Request.
  Time since last request: 0.000017 seconds.
  path: Assets/POLYGON city pack/Meshes,textures/ways_FBX/Street_07.png
  artifactKey: Guid(bd4bd47040e183046b91ea031cd728a4) Importer(815301076,1909f56bfc062723c751e8b465ee728b)
Start importing Assets/POLYGON city pack/Meshes,textures/ways_FBX/Street_07.png using Guid(bd4bd47040e183046b91ea031cd728a4) Importer(815301076,1909f56bfc062723c751e8b465ee728b)  -> (artifact id: 'ec5ed56a4a38cc581ce0bfc4210fb307') in 0.034375 seconds 
========================================================================
Received Import Request.
  Time since last request: 0.000017 seconds.
  path: Assets/Thirdparty/Ciathyza/Gridbox Prototype Materials/Textures/prototype_512x512_brown.png
  artifactKey: Guid(3c227d230cca14c42822692b6aff3459) Importer(815301076,1909f56bfc062723c751e8b465ee728b)
Start importing Assets/Thirdparty/Ciathyza/Gridbox Prototype Materials/Textures/prototype_512x512_brown.png using Guid(3c227d230cca14c42822692b6aff3459) Importer(815301076,1909f56bfc062723c751e8b465ee728b)  -> (artifact id: 'cb55d8f8bbd21c0037818c87b3907669') in 0.057433 seconds 
========================================================================
Received Import Request.
  Time since last request: 0.000021 seconds.
  path: Assets/POLYGON city pack/Meshes,textures/props_FBX/Flower 1 organ 1.png
  artifactKey: Guid(dff63f9af4a51274e886c803b053ec43) Importer(815301076,1909f56bfc062723c751e8b465ee728b)
Start importing Assets/POLYGON city pack/Meshes,textures/props_FBX/Flower 1 organ 1.png using Guid(dff63f9af4a51274e886c803b053ec43) Importer(815301076,1909f56bfc062723c751e8b465ee728b)  -> (artifact id: 'c942ccfb0ad5af19b1f5e7ee83845aff') in 0.044912 seconds 
========================================================================
Received Import Request.
  Time since last request: 0.000036 seconds.
  path: Assets/ARCADE - FREE Racing Car/Textures/Color Variations/AFRC_Tex_Col4.png
  artifactKey: Guid(1732d531203aec748bc591f92d780684) Importer(815301076,1909f56bfc062723c751e8b465ee728b)
Start importing Assets/ARCADE - FREE Racing Car/Textures/Color Variations/AFRC_Tex_Col4.png using Guid(1732d531203aec748bc591f92d780684) Importer(815301076,1909f56bfc062723c751e8b465ee728b)  -> (artifact id: 'a4f7c9a6e7823db01a8bef6f29d571bb') in 0.059227 seconds 
========================================================================
Received Import Request.
  Time since last request: 0.000021 seconds.
  path: Assets/ARCADE - FREE Racing Car/Scenes/More cars.png
  artifactKey: Guid(d12c0013fcfea9e4a9ee272bfaaec870) Importer(815301076,1909f56bfc062723c751e8b465ee728b)
Start importing Assets/ARCADE - FREE Racing Car/Scenes/More cars.png using Guid(d12c0013fcfea9e4a9ee272bfaaec870) Importer(815301076,1909f56bfc062723c751e8b465ee728b)  -> (artifact id: '39829bcb2d8f245804354b6bc2286c58') in 0.076310 seconds 
========================================================================
Received Import Request.
  Time since last request: 0.000020 seconds.
  path: Assets/POLYGON city pack/Meshes,textures/traffic signs FBX/stop_sign.png
  artifactKey: Guid(6949ab40e17248640842cc7f92a23fd5) Importer(815301076,1909f56bfc062723c751e8b465ee728b)
Start importing Assets/POLYGON city pack/Meshes,textures/traffic signs FBX/stop_sign.png using Guid(6949ab40e17248640842cc7f92a23fd5) Importer(815301076,1909f56bfc062723c751e8b465ee728b)  -> (artifact id: '87504d75388779734697d71b4bc73b69') in 0.054968 seconds 
========================================================================
Received Import Request.
  Time since last request: 0.000032 seconds.
  path: Assets/Thirdparty/Ciathyza/Gridbox Prototype Materials/Textures/prototype_512x512_green3.png
  artifactKey: Guid(988b6610bda0aca4286aff060b8d16b8) Importer(815301076,1909f56bfc062723c751e8b465ee728b)
Start importing Assets/Thirdparty/Ciathyza/Gridbox Prototype Materials/Textures/prototype_512x512_green3.png using Guid(988b6610bda0aca4286aff060b8d16b8) Importer(815301076,1909f56bfc062723c751e8b465ee728b)  -> (artifact id: '5b9b9c1727fda0229a90633d9c21dd81') in 0.094614 seconds 
========================================================================
Received Import Request.
  Time since last request: 0.000034 seconds.
  path: Assets/18SeamlessNormalMaps512Free/PNGs/H012_rough.png
  artifactKey: Guid(55f3119a9a53b2c46bcddba18a4ec053) Importer(815301076,1909f56bfc062723c751e8b465ee728b)
Start importing Assets/18SeamlessNormalMaps512Free/PNGs/H012_rough.png using Guid(55f3119a9a53b2c46bcddba18a4ec053) Importer(815301076,1909f56bfc062723c751e8b465ee728b)  -> (artifact id: '16e91c7c1404c803cf48bed97cd6824b') in 0.043553 seconds 
========================================================================
Received Import Request.
  Time since last request: 0.000023 seconds.
  path: Assets/ARCADE - FREE Racing Car/Textures/AFRC_Tex_Emission.png
  artifactKey: Guid(573a5992a1e562d45a64f56dabbe47ea) Importer(815301076,1909f56bfc062723c751e8b465ee728b)
Start importing Assets/ARCADE - FREE Racing Car/Textures/AFRC_Tex_Emission.png using Guid(573a5992a1e562d45a64f56dabbe47ea) Importer(815301076,1909f56bfc062723c751e8b465ee728b)  -> (artifact id: '1527fa50e518f4bb5a2f1f276c48baf2') in 0.076999 seconds 
========================================================================
Received Import Request.
  Time since last request: 0.000024 seconds.
  path: Assets/Thirdparty/Ciathyza/Gridbox Prototype Materials/Textures/prototype_512x512_olive.png
  artifactKey: Guid(9895b9b639c999f488492b5182e2242c) Importer(815301076,1909f56bfc062723c751e8b465ee728b)
Start importing Assets/Thirdparty/Ciathyza/Gridbox Prototype Materials/Textures/prototype_512x512_olive.png using Guid(9895b9b639c999f488492b5182e2242c) Importer(815301076,1909f56bfc062723c751e8b465ee728b)  -> (artifact id: 'af811f9ef1578b658a69ce9e118016ff') in 0.162466 seconds 
========================================================================
Received Import Request.
  Time since last request: 0.000025 seconds.
  path: Assets/POLYGON city pack/Meshes,textures/ways_FBX/Sidewalk_texture.png
  artifactKey: Guid(1128a08027af2aa4eb774377b46c3064) Importer(815301076,1909f56bfc062723c751e8b465ee728b)
Start importing Assets/POLYGON city pack/Meshes,textures/ways_FBX/Sidewalk_texture.png using Guid(1128a08027af2aa4eb774377b46c3064) Importer(815301076,1909f56bfc062723c751e8b465ee728b)  -> (artifact id: 'c78deeee239604ce49f4dc95a580d195') in 0.079358 seconds 
========================================================================
Received Import Request.
  Time since last request: 0.000025 seconds.
  path: Assets/Thirdparty/Ciathyza/Gridbox Prototype Materials/Textures/prototype_512x512_blue1.png
  artifactKey: Guid(44cced520ecfd9f4292979a4fe8268c4) Importer(815301076,1909f56bfc062723c751e8b465ee728b)
Start importing Assets/Thirdparty/Ciathyza/Gridbox Prototype Materials/Textures/prototype_512x512_blue1.png using Guid(44cced520ecfd9f4292979a4fe8268c4) Importer(815301076,1909f56bfc062723c751e8b465ee728b)  -> (artifact id: '3348fee5f9fea1b41a128e13ea255481') in 0.212384 seconds 
========================================================================
Received Import Request.
  Time since last request: 0.000023 seconds.
  path: Assets/POLYGON city pack/Meshes,textures/traffic signs FBX/parking sign.png
  artifactKey: Guid(4952f8b1e8c754f46a835d972bcf4479) Importer(815301076,1909f56bfc062723c751e8b465ee728b)
Start importing Assets/POLYGON city pack/Meshes,textures/traffic signs FBX/parking sign.png using Guid(4952f8b1e8c754f46a835d972bcf4479) Importer(815301076,1909f56bfc062723c751e8b465ee728b)  -> (artifact id: '271d6d656bee1ac0e76807db28121bad') in 0.050171 seconds 
========================================================================
Received Import Request.
  Time since last request: 0.000025 seconds.
  path: Assets/Thirdparty/Ciathyza/Gridbox Prototype Materials/Textures/prototype_512x512_blue3.png
  artifactKey: Guid(b6fc60785b6a795478135ce6f7712c5a) Importer(815301076,1909f56bfc062723c751e8b465ee728b)
Start importing Assets/Thirdparty/Ciathyza/Gridbox Prototype Materials/Textures/prototype_512x512_blue3.png using Guid(b6fc60785b6a795478135ce6f7712c5a) Importer(815301076,1909f56bfc062723c751e8b465ee728b)  -> (artifact id: '1c49f3ec84b1d92502dd7d3b2c283fcb') in 0.067412 seconds 
========================================================================
Received Import Request.
  Time since last request: 0.000021 seconds.
  path: Assets/Thirdparty/Ciathyza/Gridbox Prototype Materials/Textures/prototype_512x512_magenta.png
  artifactKey: Guid(81c078e07a3828a42885510e3d5369a9) Importer(815301076,1909f56bfc062723c751e8b465ee728b)
Start importing Assets/Thirdparty/Ciathyza/Gridbox Prototype Materials/Textures/prototype_512x512_magenta.png using Guid(81c078e07a3828a42885510e3d5369a9) Importer(815301076,1909f56bfc062723c751e8b465ee728b)  -> (artifact id: '4b39a35f12f21ab6df627f43cef4cb51') in 0.064551 seconds 
========================================================================
Received Import Request.
  Time since last request: 0.000021 seconds.
  path: Assets/18SeamlessNormalMaps512Free/PNGs/H021.png
  artifactKey: Guid(07e64a03da19a814fa8f54fad021c425) Importer(815301076,1909f56bfc062723c751e8b465ee728b)
Start importing Assets/18SeamlessNormalMaps512Free/PNGs/H021.png using Guid(07e64a03da19a814fa8f54fad021c425) Importer(815301076,1909f56bfc062723c751e8b465ee728b)  -> (artifact id: '5646954f48c8a0fbf0cc197b23096463') in 0.048921 seconds 
========================================================================
Received Import Request.
  Time since last request: 0.000022 seconds.
  path: Assets/BrokenVector/LowPolyTreePack/Textures/Colorsheet Tree Cold.png
  artifactKey: Guid(ed297eb21cb5e5e4188600ba2d272554) Importer(815301076,1909f56bfc062723c751e8b465ee728b)
Start importing Assets/BrokenVector/LowPolyTreePack/Textures/Colorsheet Tree Cold.png using Guid(ed297eb21cb5e5e4188600ba2d272554) Importer(815301076,1909f56bfc062723c751e8b465ee728b)  -> (artifact id: 'fe098d16b6ef9aa77d81aec6919d133d') in 0.030372 seconds 
========================================================================
Received Import Request.
  Time since last request: 0.000028 seconds.
  path: Assets/POLYGON city pack/Meshes,textures/props_FBX/Hydrant.png
  artifactKey: Guid(3875a5afc4d220249ad0606268177057) Importer(815301076,1909f56bfc062723c751e8b465ee728b)
Start importing Assets/POLYGON city pack/Meshes,textures/props_FBX/Hydrant.png using Guid(3875a5afc4d220249ad0606268177057) Importer(815301076,1909f56bfc062723c751e8b465ee728b)  -> (artifact id: 'ebb500c896654080b86411cdaddb5d3f') in 0.090550 seconds 
========================================================================
Received Import Request.
  Time since last request: 0.000019 seconds.
  path: Assets/POLYGON city pack/Meshes,textures/props_FBX/Flower 1 purple mix 1.png
  artifactKey: Guid(ad6ea5a68d1b66f4faec6f50cd8d7b33) Importer(815301076,1909f56bfc062723c751e8b465ee728b)
Start importing Assets/POLYGON city pack/Meshes,textures/props_FBX/Flower 1 purple mix 1.png using Guid(ad6ea5a68d1b66f4faec6f50cd8d7b33) Importer(815301076,1909f56bfc062723c751e8b465ee728b)  -> (artifact id: 'fc1f0be86ee6aa4805a2c5659ab163a2') in 0.023936 seconds 
========================================================================
Received Import Request.
  Time since last request: 0.000022 seconds.
  path: Assets/POLYGON city pack/Meshes,textures/Shops_FBX/Shop_C_texture.png
  artifactKey: Guid(c6e35c2db1747094ebff43d3d5dd823d) Importer(815301076,1909f56bfc062723c751e8b465ee728b)
Start importing Assets/POLYGON city pack/Meshes,textures/Shops_FBX/Shop_C_texture.png using Guid(c6e35c2db1747094ebff43d3d5dd823d) Importer(815301076,1909f56bfc062723c751e8b465ee728b)  -> (artifact id: 'b307dc15fbcb48df70239ab2c6f78843') in 0.187136 seconds 
========================================================================
Received Import Request.
  Time since last request: 0.000028 seconds.
  path: Assets/POLYGON city pack/Meshes,textures/props_FBX/flower 3 texture 1.png
  artifactKey: Guid(d79642b217b676342aeda62b8d300328) Importer(815301076,1909f56bfc062723c751e8b465ee728b)
Start importing Assets/POLYGON city pack/Meshes,textures/props_FBX/flower 3 texture 1.png using Guid(d79642b217b676342aeda62b8d300328) Importer(815301076,1909f56bfc062723c751e8b465ee728b)  -> (artifact id: '8ef013e55ee104f3d8c82c6c1e58b85e') in 0.072539 seconds 
========================================================================
Received Import Request.
  Time since last request: 0.000030 seconds.
  path: Assets/POLYGON city pack/Meshes,textures/props_FBX/Flower 1 purple 1.png
  artifactKey: Guid(016ab324c35ce5e49bbbfa86d799ce52) Importer(815301076,1909f56bfc062723c751e8b465ee728b)
Start importing Assets/POLYGON city pack/Meshes,textures/props_FBX/Flower 1 purple 1.png using Guid(016ab324c35ce5e49bbbfa86d799ce52) Importer(815301076,1909f56bfc062723c751e8b465ee728b)  -> (artifact id: 'd1a5b95d842e81a57d49f278f47eba37') in 0.063217 seconds 
========================================================================
Received Import Request.
  Time since last request: 0.000020 seconds.
  path: Assets/POLYGON city pack/Meshes,textures/Shops_FBX/Shop_A_texture.png
  artifactKey: Guid(72b5cb87b430dfc44926b0478c2d4d04) Importer(815301076,1909f56bfc062723c751e8b465ee728b)
Start importing Assets/POLYGON city pack/Meshes,textures/Shops_FBX/Shop_A_texture.png using Guid(72b5cb87b430dfc44926b0478c2d4d04) Importer(815301076,1909f56bfc062723c751e8b465ee728b)  -> (artifact id: '4039f23b4339d74c50ec4a2b8ce2cc87') in 0.090420 seconds 
========================================================================
Received Import Request.
  Time since last request: 0.000022 seconds.
  path: Assets/BrokenVector/LowPolyRoadPack/Textures/Car Colorscheme 1.png
  artifactKey: Guid(c345e8b354c41dd4287a1f319bb8bb8b) Importer(815301076,1909f56bfc062723c751e8b465ee728b)
Start importing Assets/BrokenVector/LowPolyRoadPack/Textures/Car Colorscheme 1.png using Guid(c345e8b354c41dd4287a1f319bb8bb8b) Importer(815301076,1909f56bfc062723c751e8b465ee728b)  -> (artifact id: '0160987f7b9e49e46cab7aa04cea2d85') in 0.030486 seconds 
========================================================================
Received Import Request.
  Time since last request: 0.000022 seconds.
  path: Assets/POLYGON city pack/Meshes,textures/props_FBX/hedge 1.png
  artifactKey: Guid(f60f9778f4f0448468efe5dcce4a3c46) Importer(815301076,1909f56bfc062723c751e8b465ee728b)
Start importing Assets/POLYGON city pack/Meshes,textures/props_FBX/hedge 1.png using Guid(f60f9778f4f0448468efe5dcce4a3c46) Importer(815301076,1909f56bfc062723c751e8b465ee728b)  -> (artifact id: '1d0365b7fb6a521b033fddfb88f67851') in 0.070061 seconds 
========================================================================
Received Import Request.
  Time since last request: 0.000026 seconds.
  path: Assets/POLYGON city pack/Meshes,textures/ways_FBX/Street.png
  artifactKey: Guid(3dff680b780a2bf4898db59c61713bc8) Importer(815301076,1909f56bfc062723c751e8b465ee728b)
Start importing Assets/POLYGON city pack/Meshes,textures/ways_FBX/Street.png using Guid(3dff680b780a2bf4898db59c61713bc8) Importer(815301076,1909f56bfc062723c751e8b465ee728b)  -> (artifact id: '24364e544f75fe65aadd332d88799681') in 0.044193 seconds 
========================================================================
Received Import Request.
  Time since last request: 0.000025 seconds.
  path: Assets/POLYGON city pack/Meshes,textures/traffic signs FBX/speed_limit_sign_10.png
  artifactKey: Guid(23ee3ecc18e0a41468c880c255412acf) Importer(815301076,1909f56bfc062723c751e8b465ee728b)
Start importing Assets/POLYGON city pack/Meshes,textures/traffic signs FBX/speed_limit_sign_10.png using Guid(23ee3ecc18e0a41468c880c255412acf) Importer(815301076,1909f56bfc062723c751e8b465ee728b)  -> (artifact id: '631c55df976aab17d1159943b572144e') in 0.035604 seconds 
========================================================================
Received Import Request.
  Time since last request: 0.000027 seconds.
  path: Assets/POLYGON city pack/Meshes,textures/props_FBX/Flower 1 red mix 1.png
  artifactKey: Guid(a9b624edc80506344b4364c85f135272) Importer(815301076,1909f56bfc062723c751e8b465ee728b)
Start importing Assets/POLYGON city pack/Meshes,textures/props_FBX/Flower 1 red mix 1.png using Guid(a9b624edc80506344b4364c85f135272) Importer(815301076,1909f56bfc062723c751e8b465ee728b)  -> (artifact id: '7047e6072d61ac87d14b042e43944257') in 0.042012 seconds 
========================================================================
Received Import Request.
  Time since last request: 0.000022 seconds.
  path: Assets/Thirdparty/Ciathyza/Gridbox Prototype Materials/Textures/prototype_512x512_red.png
  artifactKey: Guid(3d6064e2e1cd7214e9f67f3a68f494fb) Importer(815301076,1909f56bfc062723c751e8b465ee728b)
Start importing Assets/Thirdparty/Ciathyza/Gridbox Prototype Materials/Textures/prototype_512x512_red.png using Guid(3d6064e2e1cd7214e9f67f3a68f494fb) Importer(815301076,1909f56bfc062723c751e8b465ee728b)  -> (artifact id: 'd03e4f38fbf4c34cd7aaa37d59ddb374') in 0.061735 seconds 
========================================================================
Received Import Request.
  Time since last request: 0.000024 seconds.
  path: Assets/POLYGON city pack/Meshes,textures/Buildings_FBX/Police_station_texture.png
  artifactKey: Guid(515fb088ce74fe84d9ea194035b8a380) Importer(815301076,1909f56bfc062723c751e8b465ee728b)
Start importing Assets/POLYGON city pack/Meshes,textures/Buildings_FBX/Police_station_texture.png using Guid(515fb088ce74fe84d9ea194035b8a380) Importer(815301076,1909f56bfc062723c751e8b465ee728b)  -> (artifact id: 'e7f10d07bf3f937bd044015e086c82ff') in 0.100690 seconds 
========================================================================
Received Import Request.
  Time since last request: 0.000021 seconds.
  path: Assets/Thirdparty/Ciathyza/Gridbox Prototype Materials/Textures/prototype_512x512_grey2.png
  artifactKey: Guid(37920ac3813690349a856bbe19a86e2b) Importer(815301076,1909f56bfc062723c751e8b465ee728b)
Start importing Assets/Thirdparty/Ciathyza/Gridbox Prototype Materials/Textures/prototype_512x512_grey2.png using Guid(37920ac3813690349a856bbe19a86e2b) Importer(815301076,1909f56bfc062723c751e8b465ee728b)  -> (artifact id: '6d5ece2931812d3f046621ea97e38aa0') in 0.044207 seconds 
========================================================================
Received Import Request.
  Time since last request: 0.000024 seconds.
  path: Assets/POLYGON city pack/Meshes,textures/props_FBX/Glass cola.png
  artifactKey: Guid(8f128199af4062c49be793cbcf3d6b01) Importer(815301076,1909f56bfc062723c751e8b465ee728b)
Start importing Assets/POLYGON city pack/Meshes,textures/props_FBX/Glass cola.png using Guid(8f128199af4062c49be793cbcf3d6b01) Importer(815301076,1909f56bfc062723c751e8b465ee728b)  -> (artifact id: '3e793a23f58fbb662ee33cc82937883b') in 0.054962 seconds 
========================================================================
Received Import Request.
  Time since last request: 0.000022 seconds.
  path: Assets/Thirdparty/Ciathyza/Gridbox Prototype Materials/Textures/prototype_512x512_normal.png
  artifactKey: Guid(44ae09ed76086b14e82d37feb30c7650) Importer(815301076,1909f56bfc062723c751e8b465ee728b)
Start importing Assets/Thirdparty/Ciathyza/Gridbox Prototype Materials/Textures/prototype_512x512_normal.png using Guid(44ae09ed76086b14e82d37feb30c7650) Importer(815301076,1909f56bfc062723c751e8b465ee728b)  -> (artifact id: '16f8b10d4f8b8b9eb2ac5eed0f9477e2') in 0.011344 seconds 
========================================================================
Received Import Request.
  Time since last request: 0.000023 seconds.
  path: Assets/ARCADE - FREE Racing Car/Textures/Color Variations/AFRC_Tex_Col3.png
  artifactKey: Guid(f5339e3a5ecdae64aa3afa490a1d892e) Importer(815301076,1909f56bfc062723c751e8b465ee728b)
Start importing Assets/ARCADE - FREE Racing Car/Textures/Color Variations/AFRC_Tex_Col3.png using Guid(f5339e3a5ecdae64aa3afa490a1d892e) Importer(815301076,1909f56bfc062723c751e8b465ee728b)  -> (artifact id: '4d4adfac0118b4cd1e0e12563ada81a9') in 0.040935 seconds 
========================================================================
Received Import Request.
  Time since last request: 0.000022 seconds.
  path: Assets/POLYGON city pack/Meshes,textures/Buildings_FBX/Fire_department_texture.png
  artifactKey: Guid(f7347a3d7c578444e84b1d5490470ca7) Importer(815301076,1909f56bfc062723c751e8b465ee728b)
Start importing Assets/POLYGON city pack/Meshes,textures/Buildings_FBX/Fire_department_texture.png using Guid(f7347a3d7c578444e84b1d5490470ca7) Importer(815301076,1909f56bfc062723c751e8b465ee728b)  -> (artifact id: 'efb2addc3b8feb2ba4aaebd5dd94e57c') in 0.050457 seconds 
========================================================================
Received Import Request.
  Time since last request: 0.000023 seconds.
  path: Assets/POLYGON city pack/Meshes,textures/props_FBX/Can_Orange.png
  artifactKey: Guid(be8a2b335eef6be41b54677c1563a367) Importer(815301076,1909f56bfc062723c751e8b465ee728b)
Start importing Assets/POLYGON city pack/Meshes,textures/props_FBX/Can_Orange.png using Guid(be8a2b335eef6be41b54677c1563a367) Importer(815301076,1909f56bfc062723c751e8b465ee728b)  -> (artifact id: '900517717d8b7ec2f8af68bc7c009277') in 0.055580 seconds 
========================================================================
Received Import Request.
  Time since last request: 0.000030 seconds.
  path: Assets/POLYGON city pack/Meshes,textures/traffic signs FBX/speed_limit_sign_100.png
  artifactKey: Guid(7a131ad2650146943a8e06bc8ea4e1a4) Importer(815301076,1909f56bfc062723c751e8b465ee728b)
Start importing Assets/POLYGON city pack/Meshes,textures/traffic signs FBX/speed_limit_sign_100.png using Guid(7a131ad2650146943a8e06bc8ea4e1a4) Importer(815301076,1909f56bfc062723c751e8b465ee728b)  -> (artifact id: '9ae7e0d13e2d7abd7ed20bb29232556f') in 0.030014 seconds 
========================================================================
Received Import Request.
  Time since last request: 0.000027 seconds.
  path: Assets/POLYGON city pack/Meshes,textures/ways_FBX/grass.png
  artifactKey: Guid(761fcc9b74a11dc4097e656edc402314) Importer(815301076,1909f56bfc062723c751e8b465ee728b)
Start importing Assets/POLYGON city pack/Meshes,textures/ways_FBX/grass.png using Guid(761fcc9b74a11dc4097e656edc402314) Importer(815301076,1909f56bfc062723c751e8b465ee728b)  -> (artifact id: '7f8ab965d17c26bd986dc6f78e0035b3') in 0.072097 seconds 
========================================================================
Received Import Request.
  Time since last request: 0.000034 seconds.
  path: Assets/Thirdparty/Ciathyza/Gridbox Prototype Materials/Textures/prototype_512x512_yellow.png
  artifactKey: Guid(ee12d2bc9f5c8554d97d5beb9dc4b275) Importer(815301076,1909f56bfc062723c751e8b465ee728b)
Start importing Assets/Thirdparty/Ciathyza/Gridbox Prototype Materials/Textures/prototype_512x512_yellow.png using Guid(ee12d2bc9f5c8554d97d5beb9dc4b275) Importer(815301076,1909f56bfc062723c751e8b465ee728b)  -> (artifact id: '65491aac8a136463428dabe4d88ba8b8') in 0.050959 seconds 
========================================================================
Received Import Request.
  Time since last request: 0.000025 seconds.
  path: Assets/POLYGON city pack/Meshes,textures/props_FBX/bus stop pole texture 1.png
  artifactKey: Guid(d44a52891cea8d74b9d897dee320c982) Importer(815301076,1909f56bfc062723c751e8b465ee728b)
Start importing Assets/POLYGON city pack/Meshes,textures/props_FBX/bus stop pole texture 1.png using Guid(d44a52891cea8d74b9d897dee320c982) Importer(815301076,1909f56bfc062723c751e8b465ee728b)  -> (artifact id: '828f02c39f4c193f2d6c38ea8084b837') in 0.036520 seconds 
========================================================================
Received Import Request.
  Time since last request: 0.000019 seconds.
  path: Assets/ARCADE - FREE Racing Car/Skybox/Night/Textures/Bottom.png
  artifactKey: Guid(e5ebd597679525a438f3f1e01f33e8e1) Importer(815301076,1909f56bfc062723c751e8b465ee728b)
Start importing Assets/ARCADE - FREE Racing Car/Skybox/Night/Textures/Bottom.png using Guid(e5ebd597679525a438f3f1e01f33e8e1) Importer(815301076,1909f56bfc062723c751e8b465ee728b)  -> (artifact id: '96452340ed2fab929831b3cce8b092a1') in 0.081565 seconds 
========================================================================
Received Import Request.
  Time since last request: 0.000025 seconds.
  path: Assets/POLYGON city pack/Meshes,textures/props_FBX/leafes tree 1.png
  artifactKey: Guid(d77ac9832e1f7ce4e8ad8e45903243e6) Importer(815301076,1909f56bfc062723c751e8b465ee728b)
Start importing Assets/POLYGON city pack/Meshes,textures/props_FBX/leafes tree 1.png using Guid(d77ac9832e1f7ce4e8ad8e45903243e6) Importer(815301076,1909f56bfc062723c751e8b465ee728b)  -> (artifact id: '7b4fa63e54901eb713f2cbf62d531831') in 0.040737 seconds 
========================================================================
Received Import Request.
  Time since last request: 0.000028 seconds.
  path: Assets/BrokenVector/LowPolyTreePack/Textures/Colorsheet Tree Normal.png
  artifactKey: Guid(8ba8b94b5ab0c214fa2810a7df98a1a9) Importer(815301076,1909f56bfc062723c751e8b465ee728b)
Start importing Assets/BrokenVector/LowPolyTreePack/Textures/Colorsheet Tree Normal.png using Guid(8ba8b94b5ab0c214fa2810a7df98a1a9) Importer(815301076,1909f56bfc062723c751e8b465ee728b)  -> (artifact id: '02c420e0507dbf91bc121a967e2b8a5b') in 0.032792 seconds 
========================================================================
Received Import Request.
  Time since last request: 0.000022 seconds.
  path: Assets/Thirdparty/Ciathyza/Gridbox Prototype Materials/Template/prototype_texture_512x512.psd
  artifactKey: Guid(3fe239e19d10e284cb9bb5a748ecb82e) Importer(815301076,1909f56bfc062723c751e8b465ee728b)
Start importing Assets/Thirdparty/Ciathyza/Gridbox Prototype Materials/Template/prototype_texture_512x512.psd using Guid(3fe239e19d10e284cb9bb5a748ecb82e) Importer(815301076,1909f56bfc062723c751e8b465ee728b)  -> (artifact id: 'cef204cd704d0963c56bdd9a9a89537a') in 0.069584 seconds 
========================================================================
Received Import Request.
  Time since last request: 0.000023 seconds.
  path: Assets/Thirdparty/Ciathyza/Gridbox Prototype Materials/Textures/prototype_512x512_cyan.png
  artifactKey: Guid(6c35396cb8128474a8a73c6b19f2fe1f) Importer(815301076,1909f56bfc062723c751e8b465ee728b)
Start importing Assets/Thirdparty/Ciathyza/Gridbox Prototype Materials/Textures/prototype_512x512_cyan.png using Guid(6c35396cb8128474a8a73c6b19f2fe1f) Importer(815301076,1909f56bfc062723c751e8b465ee728b)  -> (artifact id: 'd839454995274354ec8116ad360ea73d') in 0.076285 seconds 
========================================================================
Received Import Request.
  Time since last request: 0.000022 seconds.
  path: Assets/ARCADE - FREE Racing Car/Textures/Color Variations/AFRC_Tex_Col2.png
  artifactKey: Guid(6242e2ca19f64494ba8e4ae07a3a2c39) Importer(815301076,1909f56bfc062723c751e8b465ee728b)
Start importing Assets/ARCADE - FREE Racing Car/Textures/Color Variations/AFRC_Tex_Col2.png using Guid(6242e2ca19f64494ba8e4ae07a3a2c39) Importer(815301076,1909f56bfc062723c751e8b465ee728b)  -> (artifact id: 'c2665300d3f2278875e1307f05b3572e') in 0.124555 seconds 
========================================================================
Received Import Request.
  Time since last request: 0.000028 seconds.
  path: Assets/POLYGON city pack/Meshes,textures/props_FBX/shopping cart texture.png
  artifactKey: Guid(9589c511be538404389bad106901072e) Importer(815301076,1909f56bfc062723c751e8b465ee728b)
Start importing Assets/POLYGON city pack/Meshes,textures/props_FBX/shopping cart texture.png using Guid(9589c511be538404389bad106901072e) Importer(815301076,1909f56bfc062723c751e8b465ee728b)  -> (artifact id: '35b225fc6fe71d1cab6a65b4e95435e3') in 0.041318 seconds 
========================================================================
Received Import Request.
  Time since last request: 0.000028 seconds.
  path: Assets/POLYGON city pack/Meshes,textures/props_FBX/ATM texture.png
  artifactKey: Guid(0adf9e72f6db90e4e9240239ed1ba57f) Importer(815301076,1909f56bfc062723c751e8b465ee728b)
Start importing Assets/POLYGON city pack/Meshes,textures/props_FBX/ATM texture.png using Guid(0adf9e72f6db90e4e9240239ed1ba57f) Importer(815301076,1909f56bfc062723c751e8b465ee728b)  -> (artifact id: 'ae59c70dbd3d9b928dd07c7bbeb0f790') in 0.037633 seconds 
========================================================================
Received Import Request.
  Time since last request: 0.000028 seconds.
  path: Assets/POLYGON city pack/Meshes,textures/props_FBX/drain 2.png
  artifactKey: Guid(beea5840393b99743a433b11898f5b18) Importer(815301076,1909f56bfc062723c751e8b465ee728b)
Start importing Assets/POLYGON city pack/Meshes,textures/props_FBX/drain 2.png using Guid(beea5840393b99743a433b11898f5b18) Importer(815301076,1909f56bfc062723c751e8b465ee728b)  -> (artifact id: '67f36ee3c1cd5b11adee99b5b5fa1840') in 0.030872 seconds 
========================================================================
Received Import Request.
  Time since last request: 0.000023 seconds.
  path: Assets/POLYGON city pack/Meshes,textures/props_FBX/bus stop texture.png
  artifactKey: Guid(29e47224d8f69094c8cd493e7ef446a6) Importer(815301076,1909f56bfc062723c751e8b465ee728b)
Start importing Assets/POLYGON city pack/Meshes,textures/props_FBX/bus stop texture.png using Guid(29e47224d8f69094c8cd493e7ef446a6) Importer(815301076,1909f56bfc062723c751e8b465ee728b)  -> (artifact id: '53bdc913a74b3914c3a7d5b280cd7dfc') in 0.054629 seconds 
========================================================================
Received Import Request.
  Time since last request: 0.000025 seconds.
  path: Assets/POLYGON city pack/Meshes,textures/Shops_FBX/SUper_maket_texture.png
  artifactKey: Guid(264d7fe2bc1a35440a81b0410f096baa) Importer(815301076,1909f56bfc062723c751e8b465ee728b)
Start importing Assets/POLYGON city pack/Meshes,textures/Shops_FBX/SUper_maket_texture.png using Guid(264d7fe2bc1a35440a81b0410f096baa) Importer(815301076,1909f56bfc062723c751e8b465ee728b)  -> (artifact id: '4a4a141f5117c4f14a6b4539d581eddd') in 0.078634 seconds 
========================================================================
Received Import Request.
  Time since last request: 0.000034 seconds.
  path: Assets/POLYGON city pack/Meshes,textures/ways_FBX/Street_19.png
  artifactKey: Guid(32cea9d70b357e24794efe5832826bd5) Importer(815301076,1909f56bfc062723c751e8b465ee728b)
Start importing Assets/POLYGON city pack/Meshes,textures/ways_FBX/Street_19.png using Guid(32cea9d70b357e24794efe5832826bd5) Importer(815301076,1909f56bfc062723c751e8b465ee728b)  -> (artifact id: 'f4cb3a81baf41ad75ae20d5795ba62f8') in 0.041574 seconds 
========================================================================
Received Prepare
Registering precompiled user dll's ...
Registered in 0.005780 seconds.
Begin MonoManager ReloadAssembly
Symbol file LoadedFromMemory doesn't match image D:\Unity\Projects\Open World Game\Library\PackageCache\com.unity.visualscripting@1.7.6\Editor\VisualScripting.Core\Dependencies\YamlDotNet\Unity.VisualScripting.YamlDotNet.dll
Symbol file LoadedFromMemory doesn't match image D:\Unity\Projects\Open World Game\Library\PackageCache\com.unity.visualscripting@1.7.6\Editor\VisualScripting.Core\Dependencies\DotNetZip\Unity.VisualScripting.IonicZip.dll
Native extension for UWP target not found
Native extension for WindowsStandalone target not found
Native extension for iOS target not found
Native extension for Android target not found
Native extension for WebGL target not found
Refreshing native plugins compatible for Editor in 1.22 ms, found 3 plugins.
Preloading 0 native plugins for Editor in 0.00 ms.
[ScriptCompilation] NOT recompiling all scripts because this is an import worker process. Reason to compile was: Define symbols changed
Mono: successfully reloaded assembly
- Completed reload, in  1.092 seconds
Domain Reload Profiling:
	ReloadAssembly (1093ms)
		BeginReloadAssembly (152ms)
			ExecutionOrderSort (0ms)
			DisableScriptedObjects (6ms)
			BackupInstance (0ms)
			ReleaseScriptingObjects (0ms)
			CreateAndSetChildDomain (38ms)
		EndReloadAssembly (852ms)
			LoadAssemblies (106ms)
			RebuildTransferFunctionScriptingTraits (0ms)
			SetupTypeCache (248ms)
			ReleaseScriptCaches (2ms)
			RebuildScriptCaches (45ms)
			SetupLoadedEditorAssemblies (406ms)
				LogAssemblyErrors (0ms)
				InitializePlatformSupportModulesInManaged (25ms)
				SetLoadedEditorAssemblies (0ms)
				RefreshPlugins (1ms)
				BeforeProcessingInitializeOnLoad (75ms)
				ProcessInitializeOnLoadAttributes (234ms)
				ProcessInitializeOnLoadMethodAttributes (68ms)
				AfterProcessingInitializeOnLoad (2ms)
				EditorAssembliesLoaded (0ms)
			ExecutionOrderSort2 (0ms)
			AwakeInstancesAfterBackupRestoration (18ms)
Platform modules already initialized, skipping
Refreshing native plugins compatible for Editor in 2.45 ms, found 3 plugins.
Preloading 0 native plugins for Editor in 0.00 ms.
Unloading 5304 Unused Serialized files (Serialized files now loaded: 0)
Unloading 63 unused Assets / (4.0 MB). Loaded Objects now: 6016.
Memory consumption went from 220.0 MB to 216.0 MB.
Total: 5.157300 ms (FindLiveObjects: 0.540000 ms CreateObjectMapping: 0.151600 ms MarkObjects: 3.231300 ms  DeleteObjects: 1.232800 ms)

AssetImportParameters requested are different than current active one (requested -> active):
  custom:video-decoder-ogg-theora: a1e56fd34408186e4bbccfd4996cb3dc -> 
  custom:container-muxer-webm: aa71ff27fc2769a1b78a27578f13a17b -> 
  custom:container-demuxer-webm: 4f35f7cbe854078d1ac9338744f61a02 -> 
  custom:video-encoder-webm-vp8: eb34c28f22e8b96e1ab97ce403110664 -> 
  custom:audio-encoder-webm-vorbis: bf7c407c2cedff20999df2af8eb42d56 -> 
  custom:framework-win-MediaFoundation: 216162199b28c13a410421893ffa2e32 -> 
  custom:container-demuxer-ogg: 62fdf1f143b41e24485cea50d1cbac27 -> 
  custom:video-decoder-webm-vp8: 9c59270c3fd7afecdb556c50c9e8de78 -> 
  custom:audio-decoder-ogg-vorbis: bf7c407c2cedff20999df2af8eb42d56 -> 
========================================================================
Received Import Request.
  Time since last request: 113.643918 seconds.
  path: Assets/ARCADE - FREE Racing Car/Skybox/Night/Textures/Top.png
  artifactKey: Guid(e4d8993639f071845bb71cdd5ccaf886) Importer(815301076,1909f56bfc062723c751e8b465ee728b)
Start importing Assets/ARCADE - FREE Racing Car/Skybox/Night/Textures/Top.png using Guid(e4d8993639f071845bb71cdd5ccaf886) Importer(815301076,1909f56bfc062723c751e8b465ee728b)  -> (artifact id: '8c2cde2498cbe28829238efd1805f36e') in 0.163922 seconds 
========================================================================
Received Import Request.
  Time since last request: 0.000033 seconds.
  path: Assets/POLYGON city pack/Meshes,textures/props_FBX/trash bin texture.png
  artifactKey: Guid(c10c196caef261541903bc38eb39cb1a) Importer(815301076,1909f56bfc062723c751e8b465ee728b)
Start importing Assets/POLYGON city pack/Meshes,textures/props_FBX/trash bin texture.png using Guid(c10c196caef261541903bc38eb39cb1a) Importer(815301076,1909f56bfc062723c751e8b465ee728b)  -> (artifact id: 'd1bae2ac352056fb6f4033358f1801d4') in 0.037560 seconds 
========================================================================
Received Import Request.
  Time since last request: 0.000031 seconds.
  path: Assets/POLYGON city pack/Meshes,textures/traffic signs FBX/traffic sign 6.png
  artifactKey: Guid(346e900c6460e81489178bc5ccdb8702) Importer(815301076,1909f56bfc062723c751e8b465ee728b)
Start importing Assets/POLYGON city pack/Meshes,textures/traffic signs FBX/traffic sign 6.png using Guid(346e900c6460e81489178bc5ccdb8702) Importer(815301076,1909f56bfc062723c751e8b465ee728b)  -> (artifact id: '3662da4d39901d04bddc328a0324db30') in 0.029384 seconds 
========================================================================
Received Import Request.
  Time since last request: 0.000025 seconds.
  path: Assets/18SeamlessNormalMaps512Free/PNGs/W095.png
  artifactKey: Guid(966272cfb73421344bc139d597a40c12) Importer(815301076,1909f56bfc062723c751e8b465ee728b)
Start importing Assets/18SeamlessNormalMaps512Free/PNGs/W095.png using Guid(966272cfb73421344bc139d597a40c12) Importer(815301076,1909f56bfc062723c751e8b465ee728b)  -> (artifact id: 'c6810fc3370aab3e54e0e2515e967567') in 0.014878 seconds 
========================================================================
Received Import Request.
  Time since last request: 0.000021 seconds.
  path: Assets/18SeamlessNormalMaps512Free/PNGs/W044.png
  artifactKey: Guid(b98528666470a1c44a10f6767bb3edc6) Importer(815301076,1909f56bfc062723c751e8b465ee728b)
Start importing Assets/18SeamlessNormalMaps512Free/PNGs/W044.png using Guid(b98528666470a1c44a10f6767bb3edc6) Importer(815301076,1909f56bfc062723c751e8b465ee728b)  -> (artifact id: '2428f1a6700e09a92efdeffcea19d2cc') in 0.013754 seconds 
========================================================================
Received Import Request.
  Time since last request: 0.000022 seconds.
  path: Assets/18SeamlessNormalMaps512Free/PNGs/W123_soft.png
  artifactKey: Guid(7425fe2e09bb9184ba8e7845901f842b) Importer(815301076,1909f56bfc062723c751e8b465ee728b)
Start importing Assets/18SeamlessNormalMaps512Free/PNGs/W123_soft.png using Guid(7425fe2e09bb9184ba8e7845901f842b) Importer(815301076,1909f56bfc062723c751e8b465ee728b)  -> (artifact id: 'b6802ccc3b9e03b6b970686fac4cb3c4') in 0.012423 seconds 
========================================================================
Received Import Request.
  Time since last request: 0.000023 seconds.
  path: Assets/POLYGON city pack/Meshes,textures/props_FBX/traffic_OBJ.png
  artifactKey: Guid(0fa8506d184ec3646b272275067f1dde) Importer(815301076,1909f56bfc062723c751e8b465ee728b)
Start importing Assets/POLYGON city pack/Meshes,textures/props_FBX/traffic_OBJ.png using Guid(0fa8506d184ec3646b272275067f1dde) Importer(815301076,1909f56bfc062723c751e8b465ee728b)  -> (artifact id: 'a1830155223e848e27d32e3dcea0aec3') in 0.021997 seconds 
========================================================================
Received Import Request.
  Time since last request: 0.000021 seconds.
  path: Assets/18SeamlessNormalMaps512Free/PNGs/W077.png
  artifactKey: Guid(b3948b3c29cea0b45ad60b63ee1ddf16) Importer(815301076,1909f56bfc062723c751e8b465ee728b)
Start importing Assets/18SeamlessNormalMaps512Free/PNGs/W077.png using Guid(b3948b3c29cea0b45ad60b63ee1ddf16) Importer(815301076,1909f56bfc062723c751e8b465ee728b)  -> (artifact id: 'f0ffc63c4762082e0cdc36809bad1f78') in 0.060379 seconds 
========================================================================
Received Import Request.
  Time since last request: 0.000033 seconds.
  path: Assets/18SeamlessNormalMaps512Free/PNGs/W128_rough3.png
  artifactKey: Guid(64d0b08492106dd4b904acaffddcdd71) Importer(815301076,1909f56bfc062723c751e8b465ee728b)
Start importing Assets/18SeamlessNormalMaps512Free/PNGs/W128_rough3.png using Guid(64d0b08492106dd4b904acaffddcdd71) Importer(815301076,1909f56bfc062723c751e8b465ee728b)  -> (artifact id: '4bda46cc4d459b9a7e8e9de6d57c3200') in 0.013121 seconds 
========================================================================
Received Import Request.
  Time since last request: 0.000026 seconds.
  path: Assets/POLYGON city pack/Meshes,textures/traffic signs FBX/traffic sign 4.png
  artifactKey: Guid(3c7d3bf30059e6a4d8494df864c80ec5) Importer(815301076,1909f56bfc062723c751e8b465ee728b)
Start importing Assets/POLYGON city pack/Meshes,textures/traffic signs FBX/traffic sign 4.png using Guid(3c7d3bf30059e6a4d8494df864c80ec5) Importer(815301076,1909f56bfc062723c751e8b465ee728b)  -> (artifact id: '55dff88014b15a452735277c6adfee6e') in 0.050166 seconds 
========================================================================
Received Import Request.
  Time since last request: 0.000021 seconds.
  path: Assets/18SeamlessNormalMaps512Free/PNGs/W132.png
  artifactKey: Guid(a35ff7196c902114181f4719425feeb8) Importer(815301076,1909f56bfc062723c751e8b465ee728b)
Start importing Assets/18SeamlessNormalMaps512Free/PNGs/W132.png using Guid(a35ff7196c902114181f4719425feeb8) Importer(815301076,1909f56bfc062723c751e8b465ee728b)  -> (artifact id: 'dff44e9aad26e443c9b8e24a817a8504') in 0.023319 seconds 
========================================================================
Received Import Request.
  Time since last request: 0.000019 seconds.
  path: Assets/POLYGON city pack/Meshes,textures/props_FBX/wood pot.png
  artifactKey: Guid(f3d1c74f478041149b5f86617a111065) Importer(815301076,1909f56bfc062723c751e8b465ee728b)
Start importing Assets/POLYGON city pack/Meshes,textures/props_FBX/wood pot.png using Guid(f3d1c74f478041149b5f86617a111065) Importer(815301076,1909f56bfc062723c751e8b465ee728b)  -> (artifact id: 'cc1cf64c3aa4423aac09004fada9dda4') in 0.055846 seconds 
========================================================================
Received Import Request.
  Time since last request: 0.000018 seconds.
  path: Assets/POLYGON city pack/Meshes,textures/Buildings_FBX/y_2.png
  artifactKey: Guid(4b07eed15163be44cb2fc09c3441ece1) Importer(815301076,1909f56bfc062723c751e8b465ee728b)
Start importing Assets/POLYGON city pack/Meshes,textures/Buildings_FBX/y_2.png using Guid(4b07eed15163be44cb2fc09c3441ece1) Importer(815301076,1909f56bfc062723c751e8b465ee728b)  -> (artifact id: 'eb87e8925c430e94c69c2c42d31f0be4') in 0.110955 seconds 
========================================================================
Received Import Request.
  Time since last request: 0.000022 seconds.
  path: Assets/18SeamlessNormalMaps512Free/PNGs/W134_rough.png
  artifactKey: Guid(6a9730ed3a6e15145a56c9dd90828a07) Importer(815301076,1909f56bfc062723c751e8b465ee728b)
Start importing Assets/18SeamlessNormalMaps512Free/PNGs/W134_rough.png using Guid(6a9730ed3a6e15145a56c9dd90828a07) Importer(815301076,1909f56bfc062723c751e8b465ee728b)  -> (artifact id: 'ab53d72540cd8c6c840a0728f62f6956') in 0.013457 seconds 
========================================================================
Received Import Request.
  Time since last request: 0.000026 seconds.
  path: Assets/POLYGON city pack/Meshes,textures/traffic signs FBX/traffic sign 5.png
  artifactKey: Guid(627f2e2486fd7dd41a61eba42ec0f2a4) Importer(815301076,1909f56bfc062723c751e8b465ee728b)
Start importing Assets/POLYGON city pack/Meshes,textures/traffic signs FBX/traffic sign 5.png using Guid(627f2e2486fd7dd41a61eba42ec0f2a4) Importer(815301076,1909f56bfc062723c751e8b465ee728b)  -> (artifact id: 'ac8fef93f81137b3d1ceb3b9619b20e2') in 0.018428 seconds 
========================================================================
Received Import Request.
  Time since last request: 0.000023 seconds.
  path: Assets/18SeamlessNormalMaps512Free/PNGs/W015.png
  artifactKey: Guid(bd998c1b2323a944cb414fa11c5eb84f) Importer(815301076,1909f56bfc062723c751e8b465ee728b)
Start importing Assets/18SeamlessNormalMaps512Free/PNGs/W015.png using Guid(bd998c1b2323a944cb414fa11c5eb84f) Importer(815301076,1909f56bfc062723c751e8b465ee728b)  -> (artifact id: '8ffad35303c9b08a906ad3c8d23ef87c') in 0.013847 seconds 
========================================================================
Received Import Request.
  Time since last request: 0.000027 seconds.
  path: Assets/POLYGON city pack/Meshes,textures/traffic signs FBX/traffic sign 3.png
  artifactKey: Guid(678472cd3857d1644847d1b169241e31) Importer(815301076,1909f56bfc062723c751e8b465ee728b)
Start importing Assets/POLYGON city pack/Meshes,textures/traffic signs FBX/traffic sign 3.png using Guid(678472cd3857d1644847d1b169241e31) Importer(815301076,1909f56bfc062723c751e8b465ee728b)  -> (artifact id: '6e52f431171e59a73a868c508ac13c31') in 0.028719 seconds 
========================================================================
Received Import Request.
  Time since last request: 26.616146 seconds.
  path: Packages/com.unity.postprocessing/PostProcessing/Textures/LensDirt/LensDirt01.png
  artifactKey: Guid(3884f7a2d04ffe8409ad9200b275896f) Importer(815301076,1909f56bfc062723c751e8b465ee728b)
Start importing Packages/com.unity.postprocessing/PostProcessing/Textures/LensDirt/LensDirt01.png using Guid(3884f7a2d04ffe8409ad9200b275896f) Importer(815301076,1909f56bfc062723c751e8b465ee728b)  -> (artifact id: 'bd842c67f3b7abd4f552cfbaf51c504e') in 0.017614 seconds 
========================================================================
Received Import Request.
  Time since last request: 0.000024 seconds.
  path: Packages/com.unity.postprocessing/PostProcessing/Textures/LensDirt/LensDirt03.png
  artifactKey: Guid(7a051dbda2d7bc447bee412427cd311e) Importer(815301076,1909f56bfc062723c751e8b465ee728b)
Start importing Packages/com.unity.postprocessing/PostProcessing/Textures/LensDirt/LensDirt03.png using Guid(7a051dbda2d7bc447bee412427cd311e) Importer(815301076,1909f56bfc062723c751e8b465ee728b)  -> (artifact id: '2de22dcf523af771fd9436955735a4e3') in 0.016796 seconds 
Editor requested this worker to shutdown with reason: Scaling down because of idle timeout
AssetImportWorker is now disconnected from the server
Process exiting
Exiting without the bug reporter. Application will terminate with return code 0