Using pre-set license
Built from '2021.3/staging' branch; Version is '2021.3.0f1 (6eacc8284459) revision 7253192'; Using compiler version '192829333'; Build Type 'Release'
OS: 'Windows 11  (10.0.22000) 64bit Professional' Language: 'de' Physical Memory: 16309 MB
BatchMode: 1, IsHumanControllingUs: 0, StartBugReporterOnCrash: 0, Is64bit: 1, IsPro: 1

COMMAND LINE ARGUMENTS:
D:\Unity\Editors\2021.3.0f1\Editor\Unity.exe
-adb2
-batchMode
-noUpm
-name
AssetImportWorker10
-projectPath
D:/Unity/Projects/Open World Game
-logFile
Logs/AssetImportWorker10.log
-srvPort
61709
Successfully changed project path to: D:/Unity/Projects/Open World Game
D:/Unity/Projects/Open World Game
[UnityMemory] Configuration Parameters - Can be set up in boot.config
    "memorysetup-bucket-allocator-granularity=16"
    "memorysetup-bucket-allocator-bucket-count=8"
    "memorysetup-bucket-allocator-block-size=33554432"
    "memorysetup-bucket-allocator-block-count=8"
    "memorysetup-main-allocator-block-size=16777216"
    "memorysetup-thread-allocator-block-size=16777216"
    "memorysetup-gfx-main-allocator-block-size=16777216"
    "memorysetup-gfx-thread-allocator-block-size=16777216"
    "memorysetup-cache-allocator-block-size=4194304"
    "memorysetup-typetree-allocator-block-size=2097152"
    "memorysetup-profiler-bucket-allocator-granularity=16"
    "memorysetup-profiler-bucket-allocator-bucket-count=8"
    "memorysetup-profiler-bucket-allocator-block-size=33554432"
    "memorysetup-profiler-bucket-allocator-block-count=8"
    "memorysetup-profiler-allocator-block-size=16777216"
    "memorysetup-profiler-editor-allocator-block-size=1048576"
    "memorysetup-temp-allocator-size-main=16777216"
    "memorysetup-job-temp-allocator-block-size=2097152"
    "memorysetup-job-temp-allocator-block-size-background=1048576"
    "memorysetup-job-temp-allocator-reduction-small-platforms=262144"
    "memorysetup-temp-allocator-size-background-worker=32768"
    "memorysetup-temp-allocator-size-job-worker=262144"
    "memorysetup-temp-allocator-size-preload-manager=33554432"
    "memorysetup-temp-allocator-size-nav-mesh-worker=65536"
    "memorysetup-temp-allocator-size-audio-worker=65536"
    "memorysetup-temp-allocator-size-cloud-worker=32768"
    "memorysetup-temp-allocator-size-gi-baking-worker=262144"
    "memorysetup-temp-allocator-size-gfx=262144"
Refreshing native plugins compatible for Editor in 127.16 ms, found 3 plugins.
Preloading 0 native plugins for Editor in 0.00 ms.
Initialize engine version: 2021.3.0f1 (6eacc8284459)
[Subsystems] Discovering subsystems at path D:/Unity/Editors/2021.3.0f1/Editor/Data/Resources/UnitySubsystems
[Subsystems] Discovering subsystems at path D:/Unity/Projects/Open World Game/Assets
GfxDevice: creating device client; threaded=0; jobified=0
Direct3D:
    Version:  Direct3D 11.0 [level 11.1]
    Renderer: NVIDIA GeForce RTX 3060 (ID=0x2504)
    Vendor:   NVIDIA
    VRAM:     12143 MB
    Driver:   30.0.14.9729
Initialize mono
Mono path[0] = 'D:/Unity/Editors/2021.3.0f1/Editor/Data/Managed'
Mono path[1] = 'D:/Unity/Editors/2021.3.0f1/Editor/Data/MonoBleedingEdge/lib/mono/unityjit-win32'
Mono config path = 'D:/Unity/Editors/2021.3.0f1/Editor/Data/MonoBleedingEdge/etc'
Using monoOptions --debugger-agent=transport=dt_socket,embedding=1,server=y,suspend=n,address=127.0.0.1:56212
Begin MonoManager ReloadAssembly
Registering precompiled unity dll's ...
Register platform support module: D:/Unity/Editors/2021.3.0f1/Editor/Data/PlaybackEngines/WebGLSupport/UnityEditor.WebGL.Extensions.dll
Register platform support module: D:/Unity/Editors/2021.3.0f1/Editor/Data/PlaybackEngines/AndroidPlayer/UnityEditor.Android.Extensions.dll
Register platform support module: D:/Unity/Editors/2021.3.0f1/Editor/Data/PlaybackEngines/iOSSupport/UnityEditor.iOS.Extensions.dll
Register platform support module: D:/Unity/Editors/2021.3.0f1/Editor/Data/PlaybackEngines/WindowsStandaloneSupport/UnityEditor.WindowsStandalone.Extensions.dll
Register platform support module: D:/Unity/Editors/2021.3.0f1/Editor/Data/PlaybackEngines/MetroSupport/UnityEditor.UWP.Extensions.dll
Registered in 0.003527 seconds.
Native extension for UWP target not found
Native extension for WindowsStandalone target not found
[usbmuxd] Start listen thread
[usbmuxd] Listen thread started
[usbmuxd] Send listen message
Native extension for iOS target not found
Native extension for Android target not found
Native extension for WebGL target not found
Refreshing native plugins compatible for Editor in 127.07 ms, found 3 plugins.
Preloading 0 native plugins for Editor in 0.00 ms.
Mono: successfully reloaded assembly
- Completed reload, in  1.654 seconds
Domain Reload Profiling:
	ReloadAssembly (1655ms)
		BeginReloadAssembly (71ms)
			ExecutionOrderSort (0ms)
			DisableScriptedObjects (0ms)
			BackupInstance (0ms)
			ReleaseScriptingObjects (0ms)
			CreateAndSetChildDomain (1ms)
		EndReloadAssembly (843ms)
			LoadAssemblies (71ms)
			RebuildTransferFunctionScriptingTraits (0ms)
			SetupTypeCache (372ms)
			ReleaseScriptCaches (0ms)
			RebuildScriptCaches (22ms)
			SetupLoadedEditorAssemblies (407ms)
				LogAssemblyErrors (0ms)
				InitializePlatformSupportModulesInManaged (140ms)
				SetLoadedEditorAssemblies (0ms)
				RefreshPlugins (127ms)
				BeforeProcessingInitializeOnLoad (1ms)
				ProcessInitializeOnLoadAttributes (83ms)
				ProcessInitializeOnLoadMethodAttributes (56ms)
				AfterProcessingInitializeOnLoad (0ms)
				EditorAssembliesLoaded (0ms)
			ExecutionOrderSort2 (0ms)
			AwakeInstancesAfterBackupRestoration (0ms)
Platform modules already initialized, skipping
Registering precompiled user dll's ...
Registered in 0.004869 seconds.
Begin MonoManager ReloadAssembly
An ADB process has shut down when we were accessing it, the following System.Threading.ThreadAbortException has been thrown: Thread was being aborted..
Symbol file LoadedFromMemory doesn't match image D:\Unity\Projects\Open World Game\Library\PackageCache\com.unity.visualscripting@1.7.6\Editor\VisualScripting.Core\Dependencies\YamlDotNet\Unity.VisualScripting.YamlDotNet.dll
Symbol file LoadedFromMemory doesn't match image D:\Unity\Projects\Open World Game\Library\PackageCache\com.unity.visualscripting@1.7.6\Editor\VisualScripting.Core\Dependencies\DotNetZip\Unity.VisualScripting.IonicZip.dll
Native extension for UWP target not found
Native extension for WindowsStandalone target not found
Native extension for iOS target not found
Native extension for Android target not found
Native extension for WebGL target not found
Refreshing native plugins compatible for Editor in 132.06 ms, found 3 plugins.
Preloading 0 native plugins for Editor in 0.00 ms.
Mono: successfully reloaded assembly
- Completed reload, in  1.628 seconds
Domain Reload Profiling:
	ReloadAssembly (1629ms)
		BeginReloadAssembly (316ms)
			ExecutionOrderSort (0ms)
			DisableScriptedObjects (5ms)
			BackupInstance (0ms)
			ReleaseScriptingObjects (0ms)
			CreateAndSetChildDomain (228ms)
		EndReloadAssembly (1214ms)
			LoadAssemblies (115ms)
			RebuildTransferFunctionScriptingTraits (0ms)
			SetupTypeCache (256ms)
			ReleaseScriptCaches (1ms)
			RebuildScriptCaches (65ms)
			SetupLoadedEditorAssemblies (748ms)
				LogAssemblyErrors (0ms)
				InitializePlatformSupportModulesInManaged (23ms)
				SetLoadedEditorAssemblies (0ms)
				RefreshPlugins (132ms)
				BeforeProcessingInitializeOnLoad (106ms)
				ProcessInitializeOnLoadAttributes (413ms)
				ProcessInitializeOnLoadMethodAttributes (73ms)
				AfterProcessingInitializeOnLoad (2ms)
				EditorAssembliesLoaded (0ms)
			ExecutionOrderSort2 (0ms)
			AwakeInstancesAfterBackupRestoration (6ms)
Platform modules already initialized, skipping
========================================================================
Worker process is ready to serve import requests
Launched and connected shader compiler UnityShaderCompiler.exe after 0.28 seconds
Refreshing native plugins compatible for Editor in 1.24 ms, found 3 plugins.
Preloading 0 native plugins for Editor in 0.00 ms.
Unloading 5456 Unused Serialized files (Serialized files now loaded: 0)
Unloading 43 unused Assets / (2.0 MB). Loaded Objects now: 5906.
Memory consumption went from 226.7 MB to 224.7 MB.
Total: 3.964300 ms (FindLiveObjects: 0.445700 ms CreateObjectMapping: 0.150900 ms MarkObjects: 2.820500 ms  DeleteObjects: 0.545600 ms)

AssetImportParameters requested are different than current active one (requested -> active):
  custom:video-decoder-ogg-theora: a1e56fd34408186e4bbccfd4996cb3dc -> 
  custom:container-muxer-webm: aa71ff27fc2769a1b78a27578f13a17b -> 
  custom:container-demuxer-webm: 4f35f7cbe854078d1ac9338744f61a02 -> 
  custom:video-encoder-webm-vp8: eb34c28f22e8b96e1ab97ce403110664 -> 
  custom:audio-encoder-webm-vorbis: bf7c407c2cedff20999df2af8eb42d56 -> 
  custom:framework-win-MediaFoundation: 216162199b28c13a410421893ffa2e32 -> 
  custom:container-demuxer-ogg: 62fdf1f143b41e24485cea50d1cbac27 -> 
  custom:video-decoder-webm-vp8: 9c59270c3fd7afecdb556c50c9e8de78 -> 
  custom:audio-decoder-ogg-vorbis: bf7c407c2cedff20999df2af8eb42d56 -> 
========================================================================
Received Import Request.
  Time since last request: 246614.454611 seconds.
  path: Assets/ARCADE - FREE Racing Car/Materials/Color Variations/AFRC_Mat_Col1.mat
  artifactKey: Guid(07f44fe3e9c462146a7769b976c50ec4) Importer(815301076,1909f56bfc062723c751e8b465ee728b)
Start importing Assets/ARCADE - FREE Racing Car/Materials/Color Variations/AFRC_Mat_Col1.mat using Guid(07f44fe3e9c462146a7769b976c50ec4) Importer(815301076,1909f56bfc062723c751e8b465ee728b)  -> (artifact id: '5f037d59f11cb65a4d0848a35edabfac') in 0.670155 seconds 
========================================================================
Received Import Request.
  Time since last request: 57.593302 seconds.
  path: Assets/BrokenVector/LowPolyRoadPack/Prefabs/Car 1.prefab
  artifactKey: Guid(9c91ecea7f7dce04facaeb11c977e102) Importer(815301076,1909f56bfc062723c751e8b465ee728b)
Start importing Assets/BrokenVector/LowPolyRoadPack/Prefabs/Car 1.prefab using Guid(9c91ecea7f7dce04facaeb11c977e102) Importer(815301076,1909f56bfc062723c751e8b465ee728b)  -> (artifact id: '85628bf440ad28e2a2892c75f543f69b') in 0.157392 seconds 
========================================================================
Received Import Request.
  Time since last request: 0.000036 seconds.
  path: Assets/BrokenVector/LowPolyRoadPack/Prefabs/Freeway Join Road.prefab
  artifactKey: Guid(b74054c7819af8a458ae5a11853280ac) Importer(815301076,1909f56bfc062723c751e8b465ee728b)
Start importing Assets/BrokenVector/LowPolyRoadPack/Prefabs/Freeway Join Road.prefab using Guid(b74054c7819af8a458ae5a11853280ac) Importer(815301076,1909f56bfc062723c751e8b465ee728b)  -> (artifact id: 'f5c4fa1dc19f20c84f2f90cdef3fcf4d') in 0.102844 seconds 
========================================================================
Received Import Request.
  Time since last request: 0.000024 seconds.
  path: Assets/BrokenVector/LowPolyRoadPack/Prefabs/Highway Cross Road.prefab
  artifactKey: Guid(58cb49345998e1e4ebc99dfa7af32696) Importer(815301076,1909f56bfc062723c751e8b465ee728b)
Start importing Assets/BrokenVector/LowPolyRoadPack/Prefabs/Highway Cross Road.prefab using Guid(58cb49345998e1e4ebc99dfa7af32696) Importer(815301076,1909f56bfc062723c751e8b465ee728b)  -> (artifact id: '4cc13e942a1dccc56b785ba408c56d5a') in 0.051464 seconds 
========================================================================
Received Import Request.
  Time since last request: 0.000024 seconds.
  path: Assets/BrokenVector/LowPolyRoadPack/Prefabs/Freeway Lift Highway.prefab
  artifactKey: Guid(401d27194e0344948b125cf0483f7637) Importer(815301076,1909f56bfc062723c751e8b465ee728b)
Start importing Assets/BrokenVector/LowPolyRoadPack/Prefabs/Freeway Lift Highway.prefab using Guid(401d27194e0344948b125cf0483f7637) Importer(815301076,1909f56bfc062723c751e8b465ee728b)  -> (artifact id: '16b7961134539e3ed028f777b059a1f0') in 0.080910 seconds 
========================================================================
Received Import Request.
  Time since last request: 0.000028 seconds.
  path: Assets/BrokenVector/LowPolyRoadPack/Prefabs/Parkinglot Edge 4.prefab
  artifactKey: Guid(4d2cdf2836f78914f85386a10cd7db79) Importer(815301076,1909f56bfc062723c751e8b465ee728b)
Start importing Assets/BrokenVector/LowPolyRoadPack/Prefabs/Parkinglot Edge 4.prefab using Guid(4d2cdf2836f78914f85386a10cd7db79) Importer(815301076,1909f56bfc062723c751e8b465ee728b)  -> (artifact id: 'ad860aa8c7366eda98cd7dd26214732c') in 0.035834 seconds 
========================================================================
Received Import Request.
  Time since last request: 0.000030 seconds.
  path: Assets/BrokenVector/LowPolyRoadPack/Prefabs/Road Curve.prefab
  artifactKey: Guid(834e3b05077e0b445961489bb25da1c7) Importer(815301076,1909f56bfc062723c751e8b465ee728b)
Start importing Assets/BrokenVector/LowPolyRoadPack/Prefabs/Road Curve.prefab using Guid(834e3b05077e0b445961489bb25da1c7) Importer(815301076,1909f56bfc062723c751e8b465ee728b)  -> (artifact id: '16042f945c5b739f4210c94c52d94f69') in 0.106265 seconds 
========================================================================
Received Import Request.
  Time since last request: 0.000030 seconds.
  path: Assets/BrokenVector/LowPolyRoadPack/Prefabs/Road S-Curve.prefab
  artifactKey: Guid(70accd32f42b80b40a1a83ef93f9b293) Importer(815301076,1909f56bfc062723c751e8b465ee728b)
Start importing Assets/BrokenVector/LowPolyRoadPack/Prefabs/Road S-Curve.prefab using Guid(70accd32f42b80b40a1a83ef93f9b293) Importer(815301076,1909f56bfc062723c751e8b465ee728b)  -> (artifact id: 'fd0da536afebffb48267b11f7395bfc6') in 0.020060 seconds 
========================================================================
Received Import Request.
  Time since last request: 0.000024 seconds.
  path: Assets/BrokenVector/LowPolyRoadPack/Prefabs/Parkinglot Center 3.prefab
  artifactKey: Guid(baf7bb04094c1fe4d994d728999eae1b) Importer(815301076,1909f56bfc062723c751e8b465ee728b)
Start importing Assets/BrokenVector/LowPolyRoadPack/Prefabs/Parkinglot Center 3.prefab using Guid(baf7bb04094c1fe4d994d728999eae1b) Importer(815301076,1909f56bfc062723c751e8b465ee728b)  -> (artifact id: 'cfd650350dc34de2b67d63f194dd6194') in 0.079026 seconds 
========================================================================
Received Import Request.
  Time since last request: 0.000021 seconds.
  path: Assets/BrokenVector/LowPolyRoadPack/Prefabs/SingleLane S-Curve.prefab
  artifactKey: Guid(5d8d2fcae15c57f46b59943e3db78e5b) Importer(815301076,1909f56bfc062723c751e8b465ee728b)
Start importing Assets/BrokenVector/LowPolyRoadPack/Prefabs/SingleLane S-Curve.prefab using Guid(5d8d2fcae15c57f46b59943e3db78e5b) Importer(815301076,1909f56bfc062723c751e8b465ee728b)  -> (artifact id: '4ff92ca78bf7ec33969288b1da226965') in 0.069503 seconds 
========================================================================
Received Import Request.
  Time since last request: 0.000022 seconds.
  path: Assets/BrokenVector/LowPolyRoadPack/Prefabs/Highway Join Highway 2.prefab
  artifactKey: Guid(51c576822a7a42345b47955233d25adb) Importer(815301076,1909f56bfc062723c751e8b465ee728b)
Start importing Assets/BrokenVector/LowPolyRoadPack/Prefabs/Highway Join Highway 2.prefab using Guid(51c576822a7a42345b47955233d25adb) Importer(815301076,1909f56bfc062723c751e8b465ee728b)  -> (artifact id: '0366079d3cf06f20dd03742288eb0bc5') in 0.051353 seconds 
========================================================================
Received Import Request.
  Time since last request: 0.000025 seconds.
  path: Assets/BrokenVector/LowPolyRoadPack/Prefabs/Freeway Straight 1.prefab
  artifactKey: Guid(ad182cc030f80d2418924040efeaaedb) Importer(815301076,1909f56bfc062723c751e8b465ee728b)
Start importing Assets/BrokenVector/LowPolyRoadPack/Prefabs/Freeway Straight 1.prefab using Guid(ad182cc030f80d2418924040efeaaedb) Importer(815301076,1909f56bfc062723c751e8b465ee728b)  -> (artifact id: '87651d118cfa88fdd7cd0d4a1dea557b') in 0.185557 seconds 
========================================================================
Received Import Request.
  Time since last request: 0.000021 seconds.
  path: Assets/BrokenVector/LowPolyRoadPack/Prefabs/Parkinglot Edge 3.prefab
  artifactKey: Guid(ed0aae2e11d87014f915283c004cede3) Importer(815301076,1909f56bfc062723c751e8b465ee728b)
Start importing Assets/BrokenVector/LowPolyRoadPack/Prefabs/Parkinglot Edge 3.prefab using Guid(ed0aae2e11d87014f915283c004cede3) Importer(815301076,1909f56bfc062723c751e8b465ee728b)  -> (artifact id: '6a096cc84b65f4f2fd06b55bcb2b09f5') in 0.048979 seconds 
========================================================================
Received Import Request.
  Time since last request: 0.000045 seconds.
  path: Assets/BrokenVector/LowPolyRoadPack/Prefabs/SingleLane Straight 2.prefab
  artifactKey: Guid(da7d67abfde295449857038a411bd14a) Importer(815301076,1909f56bfc062723c751e8b465ee728b)
Start importing Assets/BrokenVector/LowPolyRoadPack/Prefabs/SingleLane Straight 2.prefab using Guid(da7d67abfde295449857038a411bd14a) Importer(815301076,1909f56bfc062723c751e8b465ee728b)  -> (artifact id: '9d67cd3b075cf56d1714122647c3c786') in 0.032466 seconds 
========================================================================
Received Import Request.
  Time since last request: 0.000021 seconds.
  path: Assets/BrokenVector/LowPolyRoadPack/Prefabs/Freeway S-Curve.prefab
  artifactKey: Guid(b21431263a66fd84ebb8c5a9f3e51709) Importer(815301076,1909f56bfc062723c751e8b465ee728b)
Start importing Assets/BrokenVector/LowPolyRoadPack/Prefabs/Freeway S-Curve.prefab using Guid(b21431263a66fd84ebb8c5a9f3e51709) Importer(815301076,1909f56bfc062723c751e8b465ee728b)  -> (artifact id: '8c23c2f336b3d8a6c792fbc5ef72b6aa') in 0.046697 seconds 
========================================================================
Received Import Request.
  Time since last request: 0.000024 seconds.
  path: Assets/BrokenVector/LowPolyRoadPack/Prefabs/Freeway Join Freeway 2.prefab
  artifactKey: Guid(409109bbaa58cf340b5fea204e6aac85) Importer(815301076,1909f56bfc062723c751e8b465ee728b)
Start importing Assets/BrokenVector/LowPolyRoadPack/Prefabs/Freeway Join Freeway 2.prefab using Guid(409109bbaa58cf340b5fea204e6aac85) Importer(815301076,1909f56bfc062723c751e8b465ee728b)  -> (artifact id: 'ad5ef0d0779da07a4130d13a8bd280b7') in 0.033020 seconds 
========================================================================
Received Import Request.
  Time since last request: 0.000020 seconds.
  path: Assets/BrokenVector/LowPolyRoadPack/Prefabs/Road Looping.prefab
  artifactKey: Guid(ecf4e1c9068d83f4d9d991b1c0903616) Importer(815301076,1909f56bfc062723c751e8b465ee728b)
Start importing Assets/BrokenVector/LowPolyRoadPack/Prefabs/Road Looping.prefab using Guid(ecf4e1c9068d83f4d9d991b1c0903616) Importer(815301076,1909f56bfc062723c751e8b465ee728b)  -> (artifact id: '3e658012dcc7e3d37715d556107502fe') in 0.054185 seconds 
========================================================================
Received Import Request.
  Time since last request: 0.000021 seconds.
  path: Assets/BrokenVector/LowPolyRoadPack/Prefabs/Parkinglot Edge 2.prefab
  artifactKey: Guid(7df4389373e28db469018e35144066e4) Importer(815301076,1909f56bfc062723c751e8b465ee728b)
Start importing Assets/BrokenVector/LowPolyRoadPack/Prefabs/Parkinglot Edge 2.prefab using Guid(7df4389373e28db469018e35144066e4) Importer(815301076,1909f56bfc062723c751e8b465ee728b)  -> (artifact id: '3a9626e5e21e5fd9d15deb308966b08c') in 0.033736 seconds 
========================================================================
Received Import Request.
  Time since last request: 0.000021 seconds.
  path: Assets/BrokenVector/LowPolyRoadPack/Prefabs/Highway Cross Freeway.prefab
  artifactKey: Guid(d1e269106cb165145985fd4f36cd816f) Importer(815301076,1909f56bfc062723c751e8b465ee728b)
Start importing Assets/BrokenVector/LowPolyRoadPack/Prefabs/Highway Cross Freeway.prefab using Guid(d1e269106cb165145985fd4f36cd816f) Importer(815301076,1909f56bfc062723c751e8b465ee728b)  -> (artifact id: '19c44b545f210697498bc594a15a99b8') in 0.072626 seconds 
========================================================================
Received Import Request.
  Time since last request: 0.000024 seconds.
  path: Assets/BrokenVector/LowPolyRoadPack/Prefabs/Road Straight 3.prefab
  artifactKey: Guid(43678520060fa5e42add8825ab61da06) Importer(815301076,1909f56bfc062723c751e8b465ee728b)
Start importing Assets/BrokenVector/LowPolyRoadPack/Prefabs/Road Straight 3.prefab using Guid(43678520060fa5e42add8825ab61da06) Importer(815301076,1909f56bfc062723c751e8b465ee728b)  -> (artifact id: '31229d7f6362f4adb92f47ec00a0d24a') in 0.044102 seconds 
========================================================================
Received Import Request.
  Time since last request: 0.000034 seconds.
  path: Assets/BrokenVector/LowPolyRoadPack/Prefabs/Tunnel Entrance 2.prefab
  artifactKey: Guid(0d02144b05217a74890541efcaaed4f1) Importer(815301076,1909f56bfc062723c751e8b465ee728b)
Start importing Assets/BrokenVector/LowPolyRoadPack/Prefabs/Tunnel Entrance 2.prefab using Guid(0d02144b05217a74890541efcaaed4f1) Importer(815301076,1909f56bfc062723c751e8b465ee728b)  -> (artifact id: 'fcc8e634342a2e5afe424213c136ec3c') in 0.035067 seconds 
========================================================================
Received Import Request.
  Time since last request: 5.572099 seconds.
  path: Assets/BrokenVector/LowPolyRoadPack/Materials/Car Colorscheme 2.mat
  artifactKey: Guid(1968bf9d74d362c408b28c15132baaaa) Importer(815301076,1909f56bfc062723c751e8b465ee728b)
Start importing Assets/BrokenVector/LowPolyRoadPack/Materials/Car Colorscheme 2.mat using Guid(1968bf9d74d362c408b28c15132baaaa) Importer(815301076,1909f56bfc062723c751e8b465ee728b)  -> (artifact id: 'c3591ab1d1ce17c709d81b94af84df84') in 0.047404 seconds 
========================================================================
Received Import Request.
  Time since last request: 9.118853 seconds.
  path: Assets/BrokenVector/LowPolyRoadPack/Models/Car 2.dae
  artifactKey: Guid(77034832b22fef34387efcaeb7127eaa) Importer(815301076,1909f56bfc062723c751e8b465ee728b)
Start importing Assets/BrokenVector/LowPolyRoadPack/Models/Car 2.dae using Guid(77034832b22fef34387efcaeb7127eaa) Importer(815301076,1909f56bfc062723c751e8b465ee728b)  -> (artifact id: 'aeec29b15cfa6d52971217016effa309') in 0.089932 seconds 
========================================================================
Received Import Request.
  Time since last request: 0.008949 seconds.
  path: Assets/BrokenVector/LowPolyRoadPack/Models/Parkinglot Entrance.dae
  artifactKey: Guid(c123f92dda3cc22459ede19497c88734) Importer(815301076,1909f56bfc062723c751e8b465ee728b)
Start importing Assets/BrokenVector/LowPolyRoadPack/Models/Parkinglot Entrance.dae using Guid(c123f92dda3cc22459ede19497c88734) Importer(815301076,1909f56bfc062723c751e8b465ee728b)  -> (artifact id: '09a8e61dba1526b019d6139d9fcfad20') in 0.021154 seconds 
========================================================================
Received Import Request.
  Time since last request: 0.000022 seconds.
  path: Assets/BrokenVector/LowPolyRoadPack/Models/Highway Straight 3.dae
  artifactKey: Guid(236b6964c04aad0409d80ab50c92d8d3) Importer(815301076,1909f56bfc062723c751e8b465ee728b)
Start importing Assets/BrokenVector/LowPolyRoadPack/Models/Highway Straight 3.dae using Guid(236b6964c04aad0409d80ab50c92d8d3) Importer(815301076,1909f56bfc062723c751e8b465ee728b)  -> (artifact id: '73c606cc0fc68d8ca1b3310c5e66e2bf') in 0.020502 seconds 
========================================================================
Received Import Request.
  Time since last request: 0.000027 seconds.
  path: Assets/BrokenVector/LowPolyRoadPack/Models/Highway Straight 1.dae
  artifactKey: Guid(ef63e826ce0e5e94fa9002fc1c038b66) Importer(815301076,1909f56bfc062723c751e8b465ee728b)
Start importing Assets/BrokenVector/LowPolyRoadPack/Models/Highway Straight 1.dae using Guid(ef63e826ce0e5e94fa9002fc1c038b66) Importer(815301076,1909f56bfc062723c751e8b465ee728b)  -> (artifact id: '76aa1855b22469fc3e32dd8976c1061e') in 0.019871 seconds 
========================================================================
Received Import Request.
  Time since last request: 0.000029 seconds.
  path: Assets/BrokenVector/LowPolyRoadPack/Models/SingleLane Straight 1.dae
  artifactKey: Guid(69f4b809270776f4aaa4b23e75155df2) Importer(815301076,1909f56bfc062723c751e8b465ee728b)
Start importing Assets/BrokenVector/LowPolyRoadPack/Models/SingleLane Straight 1.dae using Guid(69f4b809270776f4aaa4b23e75155df2) Importer(815301076,1909f56bfc062723c751e8b465ee728b)  -> (artifact id: '125654c3380772cf8f41ffd8e8d2a47d') in 0.021303 seconds 
========================================================================
Received Import Request.
  Time since last request: 0.000029 seconds.
  path: Assets/BrokenVector/LowPolyRoadPack/Models/Parkinglot Corner 2.dae
  artifactKey: Guid(e7dfa1315d7d3164fb4e39956f2357ee) Importer(815301076,1909f56bfc062723c751e8b465ee728b)
Start importing Assets/BrokenVector/LowPolyRoadPack/Models/Parkinglot Corner 2.dae using Guid(e7dfa1315d7d3164fb4e39956f2357ee) Importer(815301076,1909f56bfc062723c751e8b465ee728b)  -> (artifact id: 'e94e0e66ff06a597814a19dc3514ebc3') in 0.017183 seconds 
========================================================================
Received Import Request.
  Time since last request: 0.000022 seconds.
  path: Assets/BrokenVector/LowPolyRoadPack/Models/Parkinglot Center 1.dae
  artifactKey: Guid(ea3f0b0f36c78ca4282e2e49f378cef1) Importer(815301076,1909f56bfc062723c751e8b465ee728b)
Start importing Assets/BrokenVector/LowPolyRoadPack/Models/Parkinglot Center 1.dae using Guid(ea3f0b0f36c78ca4282e2e49f378cef1) Importer(815301076,1909f56bfc062723c751e8b465ee728b)  -> (artifact id: 'fc945a06533f83978bafe64a13a4e9b2') in 0.018049 seconds 
========================================================================
Received Import Request.
  Time since last request: 0.000037 seconds.
  path: Assets/BrokenVector/LowPolyRoadPack/Models/Tunnel Curve.dae
  artifactKey: Guid(e8591f65a7fdd114bba6dd41852de0a5) Importer(815301076,1909f56bfc062723c751e8b465ee728b)
Start importing Assets/BrokenVector/LowPolyRoadPack/Models/Tunnel Curve.dae using Guid(e8591f65a7fdd114bba6dd41852de0a5) Importer(815301076,1909f56bfc062723c751e8b465ee728b)  -> (artifact id: 'f5b44a480aa961a5f6214eddc387babf') in 0.018048 seconds 
========================================================================
Received Import Request.
  Time since last request: 0.000029 seconds.
  path: Assets/BrokenVector/LowPolyRoadPack/Models/Highway Cross Road.dae
  artifactKey: Guid(cfcf77940ff021942bc50517e56d54cb) Importer(815301076,1909f56bfc062723c751e8b465ee728b)
Start importing Assets/BrokenVector/LowPolyRoadPack/Models/Highway Cross Road.dae using Guid(cfcf77940ff021942bc50517e56d54cb) Importer(815301076,1909f56bfc062723c751e8b465ee728b)  -> (artifact id: 'fdb320f6a2a8b943a0b63ed2ef5ad306') in 0.021706 seconds 
========================================================================
Received Import Request.
  Time since last request: 0.000027 seconds.
  path: Assets/BrokenVector/LowPolyRoadPack/Models/Highway Join Highway 1.dae
  artifactKey: Guid(a17f37812c6482942b2b08f8a4b9d2c4) Importer(815301076,1909f56bfc062723c751e8b465ee728b)
Start importing Assets/BrokenVector/LowPolyRoadPack/Models/Highway Join Highway 1.dae using Guid(a17f37812c6482942b2b08f8a4b9d2c4) Importer(815301076,1909f56bfc062723c751e8b465ee728b)  -> (artifact id: '7acb59ee96fc7c51ddc793c4e6438eee') in 0.024616 seconds 
========================================================================
Received Import Request.
  Time since last request: 0.000026 seconds.
  path: Assets/BrokenVector/LowPolyRoadPack/Models/Road Cross Road.dae
  artifactKey: Guid(8a74d4154e3078a498c1bf96dc3d1660) Importer(815301076,1909f56bfc062723c751e8b465ee728b)
Start importing Assets/BrokenVector/LowPolyRoadPack/Models/Road Cross Road.dae using Guid(8a74d4154e3078a498c1bf96dc3d1660) Importer(815301076,1909f56bfc062723c751e8b465ee728b)  -> (artifact id: '54e90410ab0e04319733bfe57fb18d01') in 0.018614 seconds 
========================================================================
Received Import Request.
  Time since last request: 0.000039 seconds.
  path: Assets/BrokenVector/LowPolyRoadPack/Models/Road Looping.dae
  artifactKey: Guid(3489a6b45e153324991c8f803c6e0bb3) Importer(815301076,1909f56bfc062723c751e8b465ee728b)
Start importing Assets/BrokenVector/LowPolyRoadPack/Models/Road Looping.dae using Guid(3489a6b45e153324991c8f803c6e0bb3) Importer(815301076,1909f56bfc062723c751e8b465ee728b)  -> (artifact id: 'a9bbeabdce0173533b1de25e3b277ff1') in 0.022299 seconds 
========================================================================
Received Import Request.
  Time since last request: 0.000046 seconds.
  path: Assets/BrokenVector/LowPolyRoadPack/Models/Tunnel Straight 4.dae
  artifactKey: Guid(f5363fa7f00d1a14dace523483cf17f2) Importer(815301076,1909f56bfc062723c751e8b465ee728b)
Start importing Assets/BrokenVector/LowPolyRoadPack/Models/Tunnel Straight 4.dae using Guid(f5363fa7f00d1a14dace523483cf17f2) Importer(815301076,1909f56bfc062723c751e8b465ee728b)  -> (artifact id: 'd4d8552b02710a07d7d6aec0b05f29b2') in 0.021845 seconds 
========================================================================
Received Import Request.
  Time since last request: 0.000024 seconds.
  path: Assets/BrokenVector/LowPolyRoadPack/Models/Freeway Join Road.dae
  artifactKey: Guid(5548c48b8a63235488a0afe4b462749d) Importer(815301076,1909f56bfc062723c751e8b465ee728b)
Start importing Assets/BrokenVector/LowPolyRoadPack/Models/Freeway Join Road.dae using Guid(5548c48b8a63235488a0afe4b462749d) Importer(815301076,1909f56bfc062723c751e8b465ee728b)  -> (artifact id: 'b134913066679682f0d7367e2cadfd8a') in 0.019546 seconds 
========================================================================
Received Import Request.
  Time since last request: 0.000031 seconds.
  path: Assets/BrokenVector/LowPolyRoadPack/Models/Tunnel Entrance 2.dae
  artifactKey: Guid(42e238ecb6fe5c34381c1899f40cdc59) Importer(815301076,1909f56bfc062723c751e8b465ee728b)
Start importing Assets/BrokenVector/LowPolyRoadPack/Models/Tunnel Entrance 2.dae using Guid(42e238ecb6fe5c34381c1899f40cdc59) Importer(815301076,1909f56bfc062723c751e8b465ee728b)  -> (artifact id: '5dedba252f63827fa6c67678af803126') in 0.018367 seconds 
========================================================================
Received Import Request.
  Time since last request: 0.000020 seconds.
  path: Assets/BrokenVector/LowPolyRoadPack/Models/Highway Join Highway 2.dae
  artifactKey: Guid(df7aef7b3f5b34f438e1f16d9f25c832) Importer(815301076,1909f56bfc062723c751e8b465ee728b)
Start importing Assets/BrokenVector/LowPolyRoadPack/Models/Highway Join Highway 2.dae using Guid(df7aef7b3f5b34f438e1f16d9f25c832) Importer(815301076,1909f56bfc062723c751e8b465ee728b)  -> (artifact id: 'dbf478a4aadfcf38a4f70551ea9a0705') in 0.022331 seconds 
========================================================================
Received Import Request.
  Time since last request: 0.000024 seconds.
  path: Assets/BrokenVector/LowPolyRoadPack/Models/Road Jump.dae
  artifactKey: Guid(0f18aa325d40e124db7ca43efb3adacf) Importer(815301076,1909f56bfc062723c751e8b465ee728b)
Start importing Assets/BrokenVector/LowPolyRoadPack/Models/Road Jump.dae using Guid(0f18aa325d40e124db7ca43efb3adacf) Importer(815301076,1909f56bfc062723c751e8b465ee728b)  -> (artifact id: '0d8cb0ae38f8a013a18a589aa06b0251') in 0.026744 seconds 
========================================================================
Received Import Request.
  Time since last request: 0.000028 seconds.
  path: Assets/BrokenVector/LowPolyRoadPack/Models/Freeway Lift Highway.dae
  artifactKey: Guid(2357264b94c408a409585f9979a3990c) Importer(815301076,1909f56bfc062723c751e8b465ee728b)
Start importing Assets/BrokenVector/LowPolyRoadPack/Models/Freeway Lift Highway.dae using Guid(2357264b94c408a409585f9979a3990c) Importer(815301076,1909f56bfc062723c751e8b465ee728b)  -> (artifact id: '3d6c958372fbaa3aa87de4726c38c88f') in 0.016999 seconds 
========================================================================
Received Import Request.
  Time since last request: 0.000022 seconds.
  path: Assets/BrokenVector/LowPolyRoadPack/Models/Road Lift Highway.dae
  artifactKey: Guid(ebec32a200e40f84ba441fb26dd604c8) Importer(815301076,1909f56bfc062723c751e8b465ee728b)
Start importing Assets/BrokenVector/LowPolyRoadPack/Models/Road Lift Highway.dae using Guid(ebec32a200e40f84ba441fb26dd604c8) Importer(815301076,1909f56bfc062723c751e8b465ee728b)  -> (artifact id: '253c67e6389f40ca5ac5ebea728b2715') in 0.021492 seconds 
========================================================================
Received Import Request.
  Time since last request: 0.000029 seconds.
  path: Assets/BrokenVector/LowPolyRoadPack/Models/Tunnel Straight 1.dae
  artifactKey: Guid(9ebbcf9ad75b23c4b8f2a497607627bb) Importer(815301076,1909f56bfc062723c751e8b465ee728b)
Start importing Assets/BrokenVector/LowPolyRoadPack/Models/Tunnel Straight 1.dae using Guid(9ebbcf9ad75b23c4b8f2a497607627bb) Importer(815301076,1909f56bfc062723c751e8b465ee728b)  -> (artifact id: '74cd05317a467c019b353ad7d5118e42') in 0.018346 seconds 
========================================================================
Received Import Request.
  Time since last request: 0.000023 seconds.
  path: Assets/BrokenVector/LowPolyRoadPack/Models/Road Curve.dae
  artifactKey: Guid(391f4d072c0c3df4884006cdbef382ba) Importer(815301076,1909f56bfc062723c751e8b465ee728b)
Start importing Assets/BrokenVector/LowPolyRoadPack/Models/Road Curve.dae using Guid(391f4d072c0c3df4884006cdbef382ba) Importer(815301076,1909f56bfc062723c751e8b465ee728b)  -> (artifact id: '6680db7759f171a1e7704d22b7d94fe4') in 0.022823 seconds 
========================================================================
Received Import Request.
  Time since last request: 0.000034 seconds.
  path: Assets/BrokenVector/LowPolyRoadPack/Models/Road Straight 2.dae
  artifactKey: Guid(23337dac036abd34499f9f5131a19858) Importer(815301076,1909f56bfc062723c751e8b465ee728b)
Start importing Assets/BrokenVector/LowPolyRoadPack/Models/Road Straight 2.dae using Guid(23337dac036abd34499f9f5131a19858) Importer(815301076,1909f56bfc062723c751e8b465ee728b)  -> (artifact id: 'df27ff921bf8d54662144848fa297d30') in 0.019306 seconds 
Editor requested this worker to shutdown with reason: Scaling down because of idle timeout
AssetImportWorker is now disconnected from the server
Process exiting
Exiting without the bug reporter. Application will terminate with return code 0